0 info it worked if it ends with ok
1 verbose cli [ '/usr/bin/nodejs',
1 verbose cli   '/usr/bin/npm',
1 verbose cli   'install',
1 verbose cli   'http-server',
1 verbose cli   '-g' ]
2 info using npm@3.5.2
3 info using node@v4.2.6
4 silly loadCurrentTree Starting
5 silly install loadCurrentTree
6 silly install readGlobalPackageData
7 silly fetchPackageMetaData http-server
8 silly fetchNamedPackageData http-server
9 silly mapToRegistry name http-server
10 silly mapToRegistry using default registry
11 silly mapToRegistry registry https://registry.npmjs.org/
12 silly mapToRegistry uri https://registry.npmjs.org/http-server
13 verbose request uri https://registry.npmjs.org/http-server
14 verbose request no auth needed
15 info attempt registry request try #1 at 11:25:35 AM
16 verbose request id ccb6584d56afd0d7
17 verbose etag W/"58a75dce-ed6f"
18 verbose lastModified Fri, 17 Feb 2017 20:32:14 GMT
19 http request GET https://registry.npmjs.org/http-server
20 http 200 https://registry.npmjs.org/http-server
21 verbose headers { server: 'nginx/1.10.1',
21 verbose headers   'content-type': 'application/json',
21 verbose headers   'last-modified': 'Thu, 30 Mar 2017 04:00:53 GMT',
21 verbose headers   etag: 'W/"58dc82f5-eee0"',
21 verbose headers   'content-encoding': 'gzip',
21 verbose headers   'cache-control': 'max-age=300',
21 verbose headers   'content-length': '8143',
21 verbose headers   'accept-ranges': 'bytes',
21 verbose headers   date: 'Thu, 30 Mar 2017 05:55:36 GMT',
21 verbose headers   via: '1.1 varnish',
21 verbose headers   age: '0',
21 verbose headers   connection: 'keep-alive',
21 verbose headers   'x-served-by': 'cache-ams4434-AMS',
21 verbose headers   'x-cache': 'HIT',
21 verbose headers   'x-cache-hits': '1',
21 verbose headers   'x-timer': 'S1490853336.712104,VS0,VE10',
21 verbose headers   vary: 'Accept-Encoding' }
22 silly get cb [ 200,
22 silly get   { server: 'nginx/1.10.1',
22 silly get     'content-type': 'application/json',
22 silly get     'last-modified': 'Thu, 30 Mar 2017 04:00:53 GMT',
22 silly get     etag: 'W/"58dc82f5-eee0"',
22 silly get     'content-encoding': 'gzip',
22 silly get     'cache-control': 'max-age=300',
22 silly get     'content-length': '8143',
22 silly get     'accept-ranges': 'bytes',
22 silly get     date: 'Thu, 30 Mar 2017 05:55:36 GMT',
22 silly get     via: '1.1 varnish',
22 silly get     age: '0',
22 silly get     connection: 'keep-alive',
22 silly get     'x-served-by': 'cache-ams4434-AMS',
22 silly get     'x-cache': 'HIT',
22 silly get     'x-cache-hits': '1',
22 silly get     'x-timer': 'S1490853336.712104,VS0,VE10',
22 silly get     vary: 'Accept-Encoding' } ]
23 verbose get saving http-server to /home/anchal/.npm/registry.npmjs.org/http-server/.cache.json
24 silly install normalizeTree
25 silly loadCurrentTree Finishing
26 silly loadIdealTree Starting
27 silly install loadIdealTree
28 silly cloneCurrentTree Starting
29 silly install cloneCurrentTreeToIdealTree
30 silly cloneCurrentTree Finishing
31 silly loadShrinkwrap Starting
32 silly install loadShrinkwrap
33 silly loadShrinkwrap Finishing
34 silly loadAllDepsIntoIdealTree Starting
35 silly install loadAllDepsIntoIdealTree
36 silly resolveWithNewModule http-server@0.9.0 checking installable status
37 silly cache add args [ 'http-server', null ]
38 verbose cache add spec http-server
39 silly cache add parsed spec Result {
39 silly cache add   raw: 'http-server',
39 silly cache add   scope: null,
39 silly cache add   name: 'http-server',
39 silly cache add   rawSpec: '',
39 silly cache add   spec: 'latest',
39 silly cache add   type: 'tag' }
40 silly addNamed http-server@latest
41 verbose addNamed "latest" is being treated as a dist-tag for http-server
42 info addNameTag [ 'http-server', 'latest' ]
43 silly mapToRegistry name http-server
44 silly mapToRegistry using default registry
45 silly mapToRegistry registry https://registry.npmjs.org/
46 silly mapToRegistry uri https://registry.npmjs.org/http-server
47 verbose addNameTag registry:https://registry.npmjs.org/http-server not in flight; fetching
48 verbose get https://registry.npmjs.org/http-server not expired, no request
49 silly addNameTag next cb for http-server with tag latest
50 silly addNamed http-server@0.9.0
51 verbose addNamed "0.9.0" is a plain semver version for http-server
52 silly cache afterAdd http-server@0.9.0
53 verbose afterAdd /home/anchal/.npm/http-server/0.9.0/package/package.json not in flight; writing
54 verbose afterAdd /home/anchal/.npm/http-server/0.9.0/package/package.json written
55 silly fetchNamedPackageData colors
56 silly mapToRegistry name colors
57 silly mapToRegistry using default registry
58 silly mapToRegistry registry https://registry.npmjs.org/
59 silly mapToRegistry uri https://registry.npmjs.org/colors
60 silly fetchNamedPackageData corser
61 silly mapToRegistry name corser
62 silly mapToRegistry using default registry
63 silly mapToRegistry registry https://registry.npmjs.org/
64 silly mapToRegistry uri https://registry.npmjs.org/corser
65 silly fetchNamedPackageData ecstatic
66 silly mapToRegistry name ecstatic
67 silly mapToRegistry using default registry
68 silly mapToRegistry registry https://registry.npmjs.org/
69 silly mapToRegistry uri https://registry.npmjs.org/ecstatic
70 silly fetchNamedPackageData http-proxy
71 silly mapToRegistry name http-proxy
72 silly mapToRegistry using default registry
73 silly mapToRegistry registry https://registry.npmjs.org/
74 silly mapToRegistry uri https://registry.npmjs.org/http-proxy
75 silly fetchNamedPackageData opener
76 silly mapToRegistry name opener
77 silly mapToRegistry using default registry
78 silly mapToRegistry registry https://registry.npmjs.org/
79 silly mapToRegistry uri https://registry.npmjs.org/opener
80 silly fetchNamedPackageData optimist
81 silly mapToRegistry name optimist
82 silly mapToRegistry using default registry
83 silly mapToRegistry registry https://registry.npmjs.org/
84 silly mapToRegistry uri https://registry.npmjs.org/optimist
85 silly fetchNamedPackageData portfinder
86 silly mapToRegistry name portfinder
87 silly mapToRegistry using default registry
88 silly mapToRegistry registry https://registry.npmjs.org/
89 silly mapToRegistry uri https://registry.npmjs.org/portfinder
90 silly fetchNamedPackageData union
91 silly mapToRegistry name union
92 silly mapToRegistry using default registry
93 silly mapToRegistry registry https://registry.npmjs.org/
94 silly mapToRegistry uri https://registry.npmjs.org/union
95 verbose request uri https://registry.npmjs.org/colors
96 verbose request no auth needed
97 info attempt registry request try #1 at 11:25:37 AM
98 verbose etag W/"58d210e4-5881"
99 verbose lastModified Wed, 22 Mar 2017 05:51:32 GMT
100 http request GET https://registry.npmjs.org/colors
101 verbose request uri https://registry.npmjs.org/corser
102 verbose request no auth needed
103 info attempt registry request try #1 at 11:25:37 AM
104 verbose etag W/"57b362b2-4c27"
105 verbose lastModified Tue, 16 Aug 2016 19:00:02 GMT
106 http request GET https://registry.npmjs.org/corser
107 verbose request uri https://registry.npmjs.org/ecstatic
108 verbose request no auth needed
109 info attempt registry request try #1 at 11:25:37 AM
110 verbose etag W/"589dc6f9-14bec"
111 verbose lastModified Fri, 10 Feb 2017 13:58:17 GMT
112 http request GET https://registry.npmjs.org/ecstatic
113 verbose request uri https://registry.npmjs.org/opener
114 verbose request no auth needed
115 info attempt registry request try #1 at 11:25:37 AM
116 verbose etag W/"58a7a5e5-2c67"
117 verbose lastModified Sat, 18 Feb 2017 01:39:49 GMT
118 http request GET https://registry.npmjs.org/opener
119 verbose request uri https://registry.npmjs.org/optimist
120 verbose request no auth needed
121 info attempt registry request try #1 at 11:25:37 AM
122 verbose etag W/"58c042aa-b786"
123 verbose lastModified Wed, 08 Mar 2017 17:43:06 GMT
124 http request GET https://registry.npmjs.org/optimist
125 verbose request uri https://registry.npmjs.org/portfinder
126 verbose request no auth needed
127 info attempt registry request try #1 at 11:25:37 AM
128 verbose etag W/"58a2b0ff-6fec"
129 verbose lastModified Tue, 14 Feb 2017 07:25:51 GMT
130 http request GET https://registry.npmjs.org/portfinder
131 verbose request uri https://registry.npmjs.org/http-proxy
132 verbose request no auth needed
133 info attempt registry request try #1 at 11:25:37 AM
134 verbose etag W/"58d29502-23da1"
135 verbose lastModified Wed, 22 Mar 2017 15:15:14 GMT
136 http request GET https://registry.npmjs.org/http-proxy
137 verbose request uri https://registry.npmjs.org/union
138 verbose request no auth needed
139 info attempt registry request try #1 at 11:25:37 AM
140 verbose etag W/"580bb3e6-946a"
141 verbose lastModified Sat, 22 Oct 2016 18:45:58 GMT
142 http request GET https://registry.npmjs.org/union
143 http 304 https://registry.npmjs.org/corser
144 verbose headers { date: 'Thu, 30 Mar 2017 05:55:37 GMT',
144 verbose headers   via: '1.1 varnish',
144 verbose headers   'cache-control': 'max-age=300',
144 verbose headers   etag: 'W/"57b362b2-4c27"',
144 verbose headers   age: '0',
144 verbose headers   connection: 'keep-alive',
144 verbose headers   'x-served-by': 'cache-ams4427-AMS',
144 verbose headers   'x-cache': 'HIT',
144 verbose headers   'x-cache-hits': '1',
144 verbose headers   'x-timer': 'S1490853337.631111,VS0,VE7',
144 verbose headers   vary: 'Accept-Encoding' }
145 silly get cb [ 304,
145 silly get   { date: 'Thu, 30 Mar 2017 05:55:37 GMT',
145 silly get     via: '1.1 varnish',
145 silly get     'cache-control': 'max-age=300',
145 silly get     etag: 'W/"57b362b2-4c27"',
145 silly get     age: '0',
145 silly get     connection: 'keep-alive',
145 silly get     'x-served-by': 'cache-ams4427-AMS',
145 silly get     'x-cache': 'HIT',
145 silly get     'x-cache-hits': '1',
145 silly get     'x-timer': 'S1490853337.631111,VS0,VE7',
145 silly get     vary: 'Accept-Encoding' } ]
146 verbose etag https://registry.npmjs.org/corser from cache
147 verbose get saving corser to /home/anchal/.npm/registry.npmjs.org/corser/.cache.json
148 silly resolveWithNewModule corser@2.0.1 checking installable status
149 silly cache add args [ 'corser@~2.0.0', null ]
150 verbose cache add spec corser@~2.0.0
151 silly cache add parsed spec Result {
151 silly cache add   raw: 'corser@~2.0.0',
151 silly cache add   scope: null,
151 silly cache add   name: 'corser',
151 silly cache add   rawSpec: '~2.0.0',
151 silly cache add   spec: '>=2.0.0 <2.1.0',
151 silly cache add   type: 'range' }
152 silly addNamed corser@>=2.0.0 <2.1.0
153 verbose addNamed ">=2.0.0 <2.1.0" is a valid semver range for corser
154 silly addNameRange { name: 'corser', range: '>=2.0.0 <2.1.0', hasData: false }
155 silly mapToRegistry name corser
156 silly mapToRegistry using default registry
157 silly mapToRegistry registry https://registry.npmjs.org/
158 silly mapToRegistry uri https://registry.npmjs.org/corser
159 verbose addNameRange registry:https://registry.npmjs.org/corser not in flight; fetching
160 verbose get https://registry.npmjs.org/corser not expired, no request
161 silly addNameRange number 2 { name: 'corser', range: '>=2.0.0 <2.1.0', hasData: true }
162 silly addNameRange versions [ 'corser',
162 silly addNameRange   [ '0.1.0',
162 silly addNameRange     '0.2.0',
162 silly addNameRange     '1.0.0',
162 silly addNameRange     '1.0.1',
162 silly addNameRange     '1.0.2',
162 silly addNameRange     '1.1.0',
162 silly addNameRange     '1.1.1',
162 silly addNameRange     '1.1.2',
162 silly addNameRange     '1.2.0',
162 silly addNameRange     '2.0.0',
162 silly addNameRange     '2.0.1' ] ]
163 silly addNamed corser@2.0.1
164 verbose addNamed "2.0.1" is a plain semver version for corser
165 silly cache afterAdd corser@2.0.1
166 verbose afterAdd /home/anchal/.npm/corser/2.0.1/package/package.json not in flight; writing
167 verbose afterAdd /home/anchal/.npm/corser/2.0.1/package/package.json written
168 http 200 https://registry.npmjs.org/colors
169 verbose headers { server: 'nginx/1.10.1',
169 verbose headers   'content-type': 'application/json',
169 verbose headers   'last-modified': 'Wed, 29 Mar 2017 16:35:21 GMT',
169 verbose headers   etag: 'W/"58dbe249-5896"',
169 verbose headers   'content-encoding': 'gzip',
169 verbose headers   'cache-control': 'max-age=300',
169 verbose headers   'content-length': '5995',
169 verbose headers   'accept-ranges': 'bytes',
169 verbose headers   date: 'Thu, 30 Mar 2017 05:55:37 GMT',
169 verbose headers   via: '1.1 varnish',
169 verbose headers   age: '224',
169 verbose headers   connection: 'keep-alive',
169 verbose headers   'x-served-by': 'cache-ams4423-AMS',
169 verbose headers   'x-cache': 'HIT',
169 verbose headers   'x-cache-hits': '3',
169 verbose headers   'x-timer': 'S1490853337.717594,VS0,VE0',
169 verbose headers   vary: 'Accept-Encoding' }
170 silly get cb [ 200,
170 silly get   { server: 'nginx/1.10.1',
170 silly get     'content-type': 'application/json',
170 silly get     'last-modified': 'Wed, 29 Mar 2017 16:35:21 GMT',
170 silly get     etag: 'W/"58dbe249-5896"',
170 silly get     'content-encoding': 'gzip',
170 silly get     'cache-control': 'max-age=300',
170 silly get     'content-length': '5995',
170 silly get     'accept-ranges': 'bytes',
170 silly get     date: 'Thu, 30 Mar 2017 05:55:37 GMT',
170 silly get     via: '1.1 varnish',
170 silly get     age: '224',
170 silly get     connection: 'keep-alive',
170 silly get     'x-served-by': 'cache-ams4423-AMS',
170 silly get     'x-cache': 'HIT',
170 silly get     'x-cache-hits': '3',
170 silly get     'x-timer': 'S1490853337.717594,VS0,VE0',
170 silly get     vary: 'Accept-Encoding' } ]
171 verbose get saving colors to /home/anchal/.npm/registry.npmjs.org/colors/.cache.json
172 silly resolveWithNewModule colors@1.0.3 checking installable status
173 silly cache add args [ 'colors@1.0.3', null ]
174 verbose cache add spec colors@1.0.3
175 silly cache add parsed spec Result {
175 silly cache add   raw: 'colors@1.0.3',
175 silly cache add   scope: null,
175 silly cache add   name: 'colors',
175 silly cache add   rawSpec: '1.0.3',
175 silly cache add   spec: '1.0.3',
175 silly cache add   type: 'version' }
176 silly addNamed colors@1.0.3
177 verbose addNamed "1.0.3" is a plain semver version for colors
178 silly mapToRegistry name colors
179 silly mapToRegistry using default registry
180 silly mapToRegistry registry https://registry.npmjs.org/
181 silly mapToRegistry uri https://registry.npmjs.org/colors
182 verbose addNameVersion registry:https://registry.npmjs.org/colors not in flight; fetching
183 verbose get https://registry.npmjs.org/colors not expired, no request
184 http 304 https://registry.npmjs.org/ecstatic
185 verbose headers { date: 'Thu, 30 Mar 2017 05:55:37 GMT',
185 verbose headers   via: '1.1 varnish',
185 verbose headers   'cache-control': 'max-age=300',
185 verbose headers   etag: 'W/"589dc6f9-14bec"',
185 verbose headers   age: '0',
185 verbose headers   connection: 'keep-alive',
185 verbose headers   'x-served-by': 'cache-ams4438-AMS',
185 verbose headers   'x-cache': 'HIT',
185 verbose headers   'x-cache-hits': '1',
185 verbose headers   'x-timer': 'S1490853337.719940,VS0,VE6',
185 verbose headers   vary: 'Accept-Encoding' }
186 silly get cb [ 304,
186 silly get   { date: 'Thu, 30 Mar 2017 05:55:37 GMT',
186 silly get     via: '1.1 varnish',
186 silly get     'cache-control': 'max-age=300',
186 silly get     etag: 'W/"589dc6f9-14bec"',
186 silly get     age: '0',
186 silly get     connection: 'keep-alive',
186 silly get     'x-served-by': 'cache-ams4438-AMS',
186 silly get     'x-cache': 'HIT',
186 silly get     'x-cache-hits': '1',
186 silly get     'x-timer': 'S1490853337.719940,VS0,VE6',
186 silly get     vary: 'Accept-Encoding' } ]
187 verbose etag https://registry.npmjs.org/ecstatic from cache
188 verbose get saving ecstatic to /home/anchal/.npm/registry.npmjs.org/ecstatic/.cache.json
189 http 200 https://registry.npmjs.org/opener
190 verbose headers { server: 'nginx/1.10.1',
190 verbose headers   'content-type': 'application/json',
190 verbose headers   'last-modified': 'Mon, 13 Mar 2017 08:47:33 GMT',
190 verbose headers   etag: 'W/"58c65ca5-2c76"',
190 verbose headers   'content-encoding': 'gzip',
190 verbose headers   'cache-control': 'max-age=300',
190 verbose headers   'content-length': '2494',
190 verbose headers   'accept-ranges': 'bytes',
190 verbose headers   date: 'Thu, 30 Mar 2017 05:55:37 GMT',
190 verbose headers   via: '1.1 varnish',
190 verbose headers   age: '202',
190 verbose headers   connection: 'keep-alive',
190 verbose headers   'x-served-by': 'cache-ams4424-AMS',
190 verbose headers   'x-cache': 'HIT',
190 verbose headers   'x-cache-hits': '1',
190 verbose headers   'x-timer': 'S1490853337.723623,VS0,VE0',
190 verbose headers   vary: 'Accept-Encoding' }
191 silly get cb [ 200,
191 silly get   { server: 'nginx/1.10.1',
191 silly get     'content-type': 'application/json',
191 silly get     'last-modified': 'Mon, 13 Mar 2017 08:47:33 GMT',
191 silly get     etag: 'W/"58c65ca5-2c76"',
191 silly get     'content-encoding': 'gzip',
191 silly get     'cache-control': 'max-age=300',
191 silly get     'content-length': '2494',
191 silly get     'accept-ranges': 'bytes',
191 silly get     date: 'Thu, 30 Mar 2017 05:55:37 GMT',
191 silly get     via: '1.1 varnish',
191 silly get     age: '202',
191 silly get     connection: 'keep-alive',
191 silly get     'x-served-by': 'cache-ams4424-AMS',
191 silly get     'x-cache': 'HIT',
191 silly get     'x-cache-hits': '1',
191 silly get     'x-timer': 'S1490853337.723623,VS0,VE0',
191 silly get     vary: 'Accept-Encoding' } ]
192 verbose get saving opener to /home/anchal/.npm/registry.npmjs.org/opener/.cache.json
193 silly cache afterAdd colors@1.0.3
194 verbose afterAdd /home/anchal/.npm/colors/1.0.3/package/package.json not in flight; writing
195 silly resolveWithNewModule ecstatic@1.4.1 checking installable status
196 silly cache add args [ 'ecstatic@^1.4.0', null ]
197 verbose cache add spec ecstatic@^1.4.0
198 silly cache add parsed spec Result {
198 silly cache add   raw: 'ecstatic@^1.4.0',
198 silly cache add   scope: null,
198 silly cache add   name: 'ecstatic',
198 silly cache add   rawSpec: '^1.4.0',
198 silly cache add   spec: '>=1.4.0 <2.0.0',
198 silly cache add   type: 'range' }
199 silly addNamed ecstatic@>=1.4.0 <2.0.0
200 verbose addNamed ">=1.4.0 <2.0.0" is a valid semver range for ecstatic
201 silly addNameRange { name: 'ecstatic', range: '>=1.4.0 <2.0.0', hasData: false }
202 silly mapToRegistry name ecstatic
203 silly mapToRegistry using default registry
204 silly mapToRegistry registry https://registry.npmjs.org/
205 silly mapToRegistry uri https://registry.npmjs.org/ecstatic
206 verbose addNameRange registry:https://registry.npmjs.org/ecstatic not in flight; fetching
207 verbose afterAdd /home/anchal/.npm/colors/1.0.3/package/package.json written
208 silly resolveWithNewModule opener@1.4.3 checking installable status
209 silly cache add args [ 'opener@~1.4.0', null ]
210 verbose cache add spec opener@~1.4.0
211 silly cache add parsed spec Result {
211 silly cache add   raw: 'opener@~1.4.0',
211 silly cache add   scope: null,
211 silly cache add   name: 'opener',
211 silly cache add   rawSpec: '~1.4.0',
211 silly cache add   spec: '>=1.4.0 <1.5.0',
211 silly cache add   type: 'range' }
212 silly addNamed opener@>=1.4.0 <1.5.0
213 verbose addNamed ">=1.4.0 <1.5.0" is a valid semver range for opener
214 silly addNameRange { name: 'opener', range: '>=1.4.0 <1.5.0', hasData: false }
215 silly mapToRegistry name opener
216 silly mapToRegistry using default registry
217 silly mapToRegistry registry https://registry.npmjs.org/
218 silly mapToRegistry uri https://registry.npmjs.org/opener
219 verbose addNameRange registry:https://registry.npmjs.org/opener not in flight; fetching
220 verbose get https://registry.npmjs.org/ecstatic not expired, no request
221 silly addNameRange number 2 { name: 'ecstatic', range: '>=1.4.0 <2.0.0', hasData: true }
222 silly addNameRange versions [ 'ecstatic',
222 silly addNameRange   [ '0.0.0',
222 silly addNameRange     '0.0.1',
222 silly addNameRange     '0.1.0',
222 silly addNameRange     '0.1.1',
222 silly addNameRange     '0.1.1-1',
222 silly addNameRange     '0.1.2',
222 silly addNameRange     '0.1.2-1',
222 silly addNameRange     '0.1.4',
222 silly addNameRange     '0.1.5',
222 silly addNameRange     '0.1.6',
222 silly addNameRange     '0.1.7',
222 silly addNameRange     '0.3.0',
222 silly addNameRange     '0.3.1',
222 silly addNameRange     '0.3.2',
222 silly addNameRange     '0.4.0',
222 silly addNameRange     '0.4.1',
222 silly addNameRange     '0.4.2',
222 silly addNameRange     '0.4.3',
222 silly addNameRange     '0.4.4',
222 silly addNameRange     '0.4.5',
222 silly addNameRange     '0.4.6',
222 silly addNameRange     '0.4.7',
222 silly addNameRange     '0.4.8',
222 silly addNameRange     '0.4.9',
222 silly addNameRange     '0.4.10',
222 silly addNameRange     '0.4.11',
222 silly addNameRange     '0.4.12',
222 silly addNameRange     '0.4.13',
222 silly addNameRange     '0.5.0',
222 silly addNameRange     '0.5.1',
222 silly addNameRange     '0.5.2',
222 silly addNameRange     '0.5.3',
222 silly addNameRange     '0.5.4',
222 silly addNameRange     '0.5.5',
222 silly addNameRange     '0.5.6',
222 silly addNameRange     '0.5.7',
222 silly addNameRange     '0.5.8',
222 silly addNameRange     '0.6.0',
222 silly addNameRange     '0.6.1',
222 silly addNameRange     '0.7.0',
222 silly addNameRange     '0.7.1',
222 silly addNameRange     '0.7.2',
222 silly addNameRange     '0.7.3',
222 silly addNameRange     '0.7.4',
222 silly addNameRange     '0.7.5',
222 silly addNameRange     '0.7.6',
222 silly addNameRange     '0.8.0',
222 silly addNameRange     '1.0.0',
222 silly addNameRange     '1.0.1',
222 silly addNameRange     '1.1.0',
222 silly addNameRange     '1.1.1',
222 silly addNameRange     '1.1.2',
222 silly addNameRange     '1.1.3',
222 silly addNameRange     '1.2.0',
222 silly addNameRange     '1.3.0',
222 silly addNameRange     '1.3.1',
222 silly addNameRange     '1.4.0',
222 silly addNameRange     '1.4.1',
222 silly addNameRange     '2.0.0',
222 silly addNameRange     '2.1.0' ] ]
223 silly addNamed ecstatic@1.4.1
224 verbose addNamed "1.4.1" is a plain semver version for ecstatic
225 verbose get https://registry.npmjs.org/opener not expired, no request
226 silly addNameRange number 2 { name: 'opener', range: '>=1.4.0 <1.5.0', hasData: true }
227 silly addNameRange versions [ 'opener',
227 silly addNameRange   [ '1.0.0',
227 silly addNameRange     '1.0.1',
227 silly addNameRange     '1.1.0',
227 silly addNameRange     '1.2.0',
227 silly addNameRange     '1.3.0',
227 silly addNameRange     '1.4.0',
227 silly addNameRange     '1.4.1',
227 silly addNameRange     '1.4.2',
227 silly addNameRange     '1.4.3' ] ]
228 silly addNamed opener@1.4.3
229 verbose addNamed "1.4.3" is a plain semver version for opener
230 silly cache afterAdd ecstatic@1.4.1
231 verbose afterAdd /home/anchal/.npm/ecstatic/1.4.1/package/package.json not in flight; writing
232 silly cache afterAdd opener@1.4.3
233 verbose afterAdd /home/anchal/.npm/opener/1.4.3/package/package.json not in flight; writing
234 verbose afterAdd /home/anchal/.npm/ecstatic/1.4.1/package/package.json written
235 verbose afterAdd /home/anchal/.npm/opener/1.4.3/package/package.json written
236 http 304 https://registry.npmjs.org/portfinder
237 verbose headers { date: 'Thu, 30 Mar 2017 05:55:37 GMT',
237 verbose headers   via: '1.1 varnish',
237 verbose headers   'cache-control': 'max-age=300',
237 verbose headers   etag: 'W/"58a2b0ff-6fec"',
237 verbose headers   age: '91',
237 verbose headers   connection: 'keep-alive',
237 verbose headers   'x-served-by': 'cache-ams4135-AMS',
237 verbose headers   'x-cache': 'HIT',
237 verbose headers   'x-cache-hits': '1',
237 verbose headers   'x-timer': 'S1490853337.760398,VS0,VE0',
237 verbose headers   vary: 'Accept-Encoding' }
238 silly get cb [ 304,
238 silly get   { date: 'Thu, 30 Mar 2017 05:55:37 GMT',
238 silly get     via: '1.1 varnish',
238 silly get     'cache-control': 'max-age=300',
238 silly get     etag: 'W/"58a2b0ff-6fec"',
238 silly get     age: '91',
238 silly get     connection: 'keep-alive',
238 silly get     'x-served-by': 'cache-ams4135-AMS',
238 silly get     'x-cache': 'HIT',
238 silly get     'x-cache-hits': '1',
238 silly get     'x-timer': 'S1490853337.760398,VS0,VE0',
238 silly get     vary: 'Accept-Encoding' } ]
239 verbose etag https://registry.npmjs.org/portfinder from cache
240 verbose get saving portfinder to /home/anchal/.npm/registry.npmjs.org/portfinder/.cache.json
241 silly resolveWithNewModule portfinder@0.4.0 checking installable status
242 silly cache add args [ 'portfinder@0.4.x', null ]
243 verbose cache add spec portfinder@0.4.x
244 silly cache add parsed spec Result {
244 silly cache add   raw: 'portfinder@0.4.x',
244 silly cache add   scope: null,
244 silly cache add   name: 'portfinder',
244 silly cache add   rawSpec: '0.4.x',
244 silly cache add   spec: '>=0.4.0 <0.5.0',
244 silly cache add   type: 'range' }
245 silly addNamed portfinder@>=0.4.0 <0.5.0
246 verbose addNamed ">=0.4.0 <0.5.0" is a valid semver range for portfinder
247 silly addNameRange { name: 'portfinder', range: '>=0.4.0 <0.5.0', hasData: false }
248 silly mapToRegistry name portfinder
249 silly mapToRegistry using default registry
250 silly mapToRegistry registry https://registry.npmjs.org/
251 silly mapToRegistry uri https://registry.npmjs.org/portfinder
252 verbose addNameRange registry:https://registry.npmjs.org/portfinder not in flight; fetching
253 verbose get https://registry.npmjs.org/portfinder not expired, no request
254 silly addNameRange number 2 { name: 'portfinder', range: '>=0.4.0 <0.5.0', hasData: true }
255 silly addNameRange versions [ 'portfinder',
255 silly addNameRange   [ '0.1.0',
255 silly addNameRange     '0.2.0',
255 silly addNameRange     '0.2.1',
255 silly addNameRange     '0.3.0',
255 silly addNameRange     '0.4.0',
255 silly addNameRange     '1.0.0',
255 silly addNameRange     '1.0.1',
255 silly addNameRange     '1.0.2',
255 silly addNameRange     '1.0.3',
255 silly addNameRange     '1.0.4',
255 silly addNameRange     '1.0.5',
255 silly addNameRange     '1.0.6',
255 silly addNameRange     '1.0.7-beta.0',
255 silly addNameRange     '1.0.7',
255 silly addNameRange     '1.0.8',
255 silly addNameRange     '1.0.9',
255 silly addNameRange     '1.0.10',
255 silly addNameRange     '1.0.11',
255 silly addNameRange     '1.0.12',
255 silly addNameRange     '1.0.13' ] ]
256 silly addNamed portfinder@0.4.0
257 verbose addNamed "0.4.0" is a plain semver version for portfinder
258 silly cache afterAdd portfinder@0.4.0
259 verbose afterAdd /home/anchal/.npm/portfinder/0.4.0/package/package.json not in flight; writing
260 verbose afterAdd /home/anchal/.npm/portfinder/0.4.0/package/package.json written
261 http 304 https://registry.npmjs.org/http-proxy
262 verbose headers { date: 'Thu, 30 Mar 2017 05:55:37 GMT',
262 verbose headers   via: '1.1 varnish',
262 verbose headers   'cache-control': 'max-age=300',
262 verbose headers   etag: 'W/"58d29502-23da1"',
262 verbose headers   age: '29',
262 verbose headers   connection: 'keep-alive',
262 verbose headers   'x-served-by': 'cache-ams4137-AMS',
262 verbose headers   'x-cache': 'HIT',
262 verbose headers   'x-cache-hits': '1',
262 verbose headers   'x-timer': 'S1490853337.824401,VS0,VE0',
262 verbose headers   vary: 'Accept-Encoding' }
263 silly get cb [ 304,
263 silly get   { date: 'Thu, 30 Mar 2017 05:55:37 GMT',
263 silly get     via: '1.1 varnish',
263 silly get     'cache-control': 'max-age=300',
263 silly get     etag: 'W/"58d29502-23da1"',
263 silly get     age: '29',
263 silly get     connection: 'keep-alive',
263 silly get     'x-served-by': 'cache-ams4137-AMS',
263 silly get     'x-cache': 'HIT',
263 silly get     'x-cache-hits': '1',
263 silly get     'x-timer': 'S1490853337.824401,VS0,VE0',
263 silly get     vary: 'Accept-Encoding' } ]
264 verbose etag https://registry.npmjs.org/http-proxy from cache
265 verbose get saving http-proxy to /home/anchal/.npm/registry.npmjs.org/http-proxy/.cache.json
266 silly resolveWithNewModule http-proxy@1.16.2 checking installable status
267 silly cache add args [ 'http-proxy@^1.8.1', null ]
268 verbose cache add spec http-proxy@^1.8.1
269 silly cache add parsed spec Result {
269 silly cache add   raw: 'http-proxy@^1.8.1',
269 silly cache add   scope: null,
269 silly cache add   name: 'http-proxy',
269 silly cache add   rawSpec: '^1.8.1',
269 silly cache add   spec: '>=1.8.1 <2.0.0',
269 silly cache add   type: 'range' }
270 silly addNamed http-proxy@>=1.8.1 <2.0.0
271 verbose addNamed ">=1.8.1 <2.0.0" is a valid semver range for http-proxy
272 silly addNameRange { name: 'http-proxy', range: '>=1.8.1 <2.0.0', hasData: false }
273 silly mapToRegistry name http-proxy
274 silly mapToRegistry using default registry
275 silly mapToRegistry registry https://registry.npmjs.org/
276 silly mapToRegistry uri https://registry.npmjs.org/http-proxy
277 verbose addNameRange registry:https://registry.npmjs.org/http-proxy not in flight; fetching
278 verbose get https://registry.npmjs.org/http-proxy not expired, no request
279 silly addNameRange number 2 { name: 'http-proxy', range: '>=1.8.1 <2.0.0', hasData: true }
280 silly addNameRange versions [ 'http-proxy',
280 silly addNameRange   [ '0.5.9',
280 silly addNameRange     '0.5.10',
280 silly addNameRange     '0.5.11',
280 silly addNameRange     '0.6.0',
280 silly addNameRange     '0.6.1',
280 silly addNameRange     '0.6.2',
280 silly addNameRange     '0.6.4',
280 silly addNameRange     '0.6.5',
280 silly addNameRange     '0.6.6',
280 silly addNameRange     '0.7.0',
280 silly addNameRange     '0.7.2',
280 silly addNameRange     '0.7.3',
280 silly addNameRange     '0.7.4',
280 silly addNameRange     '0.7.5',
280 silly addNameRange     '0.7.6',
280 silly addNameRange     '0.8.0',
280 silly addNameRange     '0.8.1',
280 silly addNameRange     '0.8.2',
280 silly addNameRange     '0.8.3',
280 silly addNameRange     '0.8.4',
280 silly addNameRange     '0.8.5',
280 silly addNameRange     '0.8.6',
280 silly addNameRange     '0.8.7',
280 silly addNameRange     '0.9.0',
280 silly addNameRange     '0.9.1',
280 silly addNameRange     '0.10.0',
280 silly addNameRange     '0.10.1',
280 silly addNameRange     '0.10.2',
280 silly addNameRange     '0.10.3',
280 silly addNameRange     '0.10.4',
280 silly addNameRange     '1.0.0',
280 silly addNameRange     '1.0.1',
280 silly addNameRange     '1.0.2',
280 silly addNameRange     '1.0.3',
280 silly addNameRange     '1.1.0',
280 silly addNameRange     '1.1.1',
280 silly addNameRange     '1.1.2',
280 silly addNameRange     '1.1.3',
280 silly addNameRange     '1.1.4',
280 silly addNameRange     '1.1.5',
280 silly addNameRange     '1.1.6',
280 silly addNameRange     '1.2.0',
280 silly addNameRange     '1.2.1',
280 silly addNameRange     '1.3.0',
280 silly addNameRange     '1.4.0',
280 silly addNameRange     '1.4.1',
280 silly addNameRange     '1.4.2',
280 silly addNameRange     '1.4.3',
280 silly addNameRange     '1.5.0',
280 silly addNameRange     '1.5.1',
280 silly addNameRange     '1.5.2',
280 silly addNameRange     '1.5.3',
280 silly addNameRange     '1.6.0',
280 silly addNameRange     '1.6.1',
280 silly addNameRange     '1.6.2',
280 silly addNameRange     '1.7.0',
280 silly addNameRange     '1.7.1',
280 silly addNameRange     '1.7.2',
280 silly addNameRange     '1.7.3',
280 silly addNameRange     '1.8.0',
280 silly addNameRange     '1.8.1',
280 silly addNameRange     '1.9.0',
280 silly addNameRange     '1.9.1',
280 silly addNameRange     '1.10.0',
280 silly addNameRange     '1.10.1',
280 silly addNameRange     '1.11.0',
280 silly addNameRange     '1.11.1',
280 silly addNameRange     '1.11.2',
280 silly addNameRange     '1.11.3',
280 silly addNameRange     '1.12.0',
280 silly addNameRange     '1.12.1',
280 silly addNameRange     '1.13.0',
280 silly addNameRange     '1.13.1',
280 silly addNameRange     '1.13.2',
280 silly addNameRange     '1.13.3',
280 silly addNameRange     '1.14.0',
280 silly addNameRange     '1.15.0',
280 silly addNameRange     '1.15.1',
280 silly addNameRange     '1.15.2',
280 silly addNameRange     '1.16.0',
280 silly addNameRange     '1.16.1',
280 silly addNameRange     '1.16.2' ] ]
281 silly addNamed http-proxy@1.16.2
282 verbose addNamed "1.16.2" is a plain semver version for http-proxy
283 silly cache afterAdd http-proxy@1.16.2
284 verbose afterAdd /home/anchal/.npm/http-proxy/1.16.2/package/package.json not in flight; writing
285 verbose afterAdd /home/anchal/.npm/http-proxy/1.16.2/package/package.json written
286 http 304 https://registry.npmjs.org/union
287 verbose headers { date: 'Thu, 30 Mar 2017 05:55:37 GMT',
287 verbose headers   via: '1.1 varnish',
287 verbose headers   'cache-control': 'max-age=300',
287 verbose headers   etag: 'W/"580bb3e6-946a"',
287 verbose headers   age: '0',
287 verbose headers   connection: 'keep-alive',
287 verbose headers   'x-served-by': 'cache-ams4127-AMS',
287 verbose headers   'x-cache': 'HIT',
287 verbose headers   'x-cache-hits': '1',
287 verbose headers   'x-timer': 'S1490853337.851024,VS0,VE6',
287 verbose headers   vary: 'Accept-Encoding' }
288 silly get cb [ 304,
288 silly get   { date: 'Thu, 30 Mar 2017 05:55:37 GMT',
288 silly get     via: '1.1 varnish',
288 silly get     'cache-control': 'max-age=300',
288 silly get     etag: 'W/"580bb3e6-946a"',
288 silly get     age: '0',
288 silly get     connection: 'keep-alive',
288 silly get     'x-served-by': 'cache-ams4127-AMS',
288 silly get     'x-cache': 'HIT',
288 silly get     'x-cache-hits': '1',
288 silly get     'x-timer': 'S1490853337.851024,VS0,VE6',
288 silly get     vary: 'Accept-Encoding' } ]
289 verbose etag https://registry.npmjs.org/union from cache
290 verbose get saving union to /home/anchal/.npm/registry.npmjs.org/union/.cache.json
291 silly resolveWithNewModule union@0.4.6 checking installable status
292 silly cache add args [ 'union@~0.4.3', null ]
293 verbose cache add spec union@~0.4.3
294 silly cache add parsed spec Result {
294 silly cache add   raw: 'union@~0.4.3',
294 silly cache add   scope: null,
294 silly cache add   name: 'union',
294 silly cache add   rawSpec: '~0.4.3',
294 silly cache add   spec: '>=0.4.3 <0.5.0',
294 silly cache add   type: 'range' }
295 silly addNamed union@>=0.4.3 <0.5.0
296 verbose addNamed ">=0.4.3 <0.5.0" is a valid semver range for union
297 silly addNameRange { name: 'union', range: '>=0.4.3 <0.5.0', hasData: false }
298 silly mapToRegistry name union
299 silly mapToRegistry using default registry
300 silly mapToRegistry registry https://registry.npmjs.org/
301 silly mapToRegistry uri https://registry.npmjs.org/union
302 verbose addNameRange registry:https://registry.npmjs.org/union not in flight; fetching
303 verbose get https://registry.npmjs.org/union not expired, no request
304 silly addNameRange number 2 { name: 'union', range: '>=0.4.3 <0.5.0', hasData: true }
305 silly addNameRange versions [ 'union',
305 silly addNameRange   [ '0.1.0',
305 silly addNameRange     '0.1.2',
305 silly addNameRange     '0.1.3',
305 silly addNameRange     '0.1.4',
305 silly addNameRange     '0.1.5',
305 silly addNameRange     '0.1.6',
305 silly addNameRange     '0.1.7',
305 silly addNameRange     '0.1.8',
305 silly addNameRange     '0.2.0',
305 silly addNameRange     '0.2.1',
305 silly addNameRange     '0.3.0',
305 silly addNameRange     '0.3.2',
305 silly addNameRange     '0.3.3',
305 silly addNameRange     '0.3.4',
305 silly addNameRange     '0.3.5',
305 silly addNameRange     '0.3.6',
305 silly addNameRange     '0.3.7',
305 silly addNameRange     '0.3.8',
305 silly addNameRange     '0.4.0',
305 silly addNameRange     '0.4.1',
305 silly addNameRange     '0.4.2',
305 silly addNameRange     '0.4.3',
305 silly addNameRange     '0.4.4',
305 silly addNameRange     '0.4.5',
305 silly addNameRange     '0.4.6' ] ]
306 silly addNamed union@0.4.6
307 verbose addNamed "0.4.6" is a plain semver version for union
308 silly cache afterAdd union@0.4.6
309 verbose afterAdd /home/anchal/.npm/union/0.4.6/package/package.json not in flight; writing
310 verbose afterAdd /home/anchal/.npm/union/0.4.6/package/package.json written
311 info retry will retry, error on last attempt: Error: connect ETIMEDOUT 151.101.0.162:443
312 info attempt registry request try #2 at 11:27:54 AM
313 verbose etag W/"58c042aa-b786"
314 verbose lastModified Wed, 08 Mar 2017 17:43:06 GMT
315 http request GET https://registry.npmjs.org/optimist
316 http 304 https://registry.npmjs.org/optimist
317 verbose headers { date: 'Thu, 30 Mar 2017 05:57:55 GMT',
317 verbose headers   via: '1.1 varnish',
317 verbose headers   'cache-control': 'max-age=300',
317 verbose headers   etag: 'W/"58c042aa-b786"',
317 verbose headers   age: '183',
317 verbose headers   connection: 'keep-alive',
317 verbose headers   'x-served-by': 'cache-ams4142-AMS',
317 verbose headers   'x-cache': 'HIT',
317 verbose headers   'x-cache-hits': '1',
317 verbose headers   'x-timer': 'S1490853475.058034,VS0,VE0',
317 verbose headers   vary: 'Accept-Encoding' }
318 silly get cb [ 304,
318 silly get   { date: 'Thu, 30 Mar 2017 05:57:55 GMT',
318 silly get     via: '1.1 varnish',
318 silly get     'cache-control': 'max-age=300',
318 silly get     etag: 'W/"58c042aa-b786"',
318 silly get     age: '183',
318 silly get     connection: 'keep-alive',
318 silly get     'x-served-by': 'cache-ams4142-AMS',
318 silly get     'x-cache': 'HIT',
318 silly get     'x-cache-hits': '1',
318 silly get     'x-timer': 'S1490853475.058034,VS0,VE0',
318 silly get     vary: 'Accept-Encoding' } ]
319 verbose etag https://registry.npmjs.org/optimist from cache
320 verbose get saving optimist to /home/anchal/.npm/registry.npmjs.org/optimist/.cache.json
321 silly resolveWithNewModule optimist@0.6.1 checking installable status
322 silly cache add args [ 'optimist@0.6.x', null ]
323 verbose cache add spec optimist@0.6.x
324 silly cache add parsed spec Result {
324 silly cache add   raw: 'optimist@0.6.x',
324 silly cache add   scope: null,
324 silly cache add   name: 'optimist',
324 silly cache add   rawSpec: '0.6.x',
324 silly cache add   spec: '>=0.6.0 <0.7.0',
324 silly cache add   type: 'range' }
325 silly addNamed optimist@>=0.6.0 <0.7.0
326 verbose addNamed ">=0.6.0 <0.7.0" is a valid semver range for optimist
327 silly addNameRange { name: 'optimist', range: '>=0.6.0 <0.7.0', hasData: false }
328 silly mapToRegistry name optimist
329 silly mapToRegistry using default registry
330 silly mapToRegistry registry https://registry.npmjs.org/
331 silly mapToRegistry uri https://registry.npmjs.org/optimist
332 verbose addNameRange registry:https://registry.npmjs.org/optimist not in flight; fetching
333 verbose get https://registry.npmjs.org/optimist not expired, no request
334 silly addNameRange number 2 { name: 'optimist', range: '>=0.6.0 <0.7.0', hasData: true }
335 silly addNameRange versions [ 'optimist',
335 silly addNameRange   [ '0.0.1',
335 silly addNameRange     '0.0.2',
335 silly addNameRange     '0.0.4',
335 silly addNameRange     '0.0.5',
335 silly addNameRange     '0.0.6',
335 silly addNameRange     '0.0.7',
335 silly addNameRange     '0.1.0',
335 silly addNameRange     '0.1.1',
335 silly addNameRange     '0.1.2',
335 silly addNameRange     '0.1.3',
335 silly addNameRange     '0.1.4',
335 silly addNameRange     '0.1.5',
335 silly addNameRange     '0.1.6',
335 silly addNameRange     '0.1.7',
335 silly addNameRange     '0.1.8',
335 silly addNameRange     '0.1.9',
335 silly addNameRange     '0.0.3',
335 silly addNameRange     '0.2.0',
335 silly addNameRange     '0.2.1',
335 silly addNameRange     '0.2.2',
335 silly addNameRange     '0.2.3',
335 silly addNameRange     '0.2.4',
335 silly addNameRange     '0.2.5',
335 silly addNameRange     '0.2.6',
335 silly addNameRange     '0.2.7',
335 silly addNameRange     '0.2.8',
335 silly addNameRange     '0.3.0',
335 silly addNameRange     '0.3.1',
335 silly addNameRange     '0.3.3',
335 silly addNameRange     '0.3.4',
335 silly addNameRange     '0.3.5',
335 silly addNameRange     '0.3.6',
335 silly addNameRange     '0.3.7',
335 silly addNameRange     '0.4.0',
335 silly addNameRange     '0.5.0',
335 silly addNameRange     '0.5.1',
335 silly addNameRange     '0.5.2',
335 silly addNameRange     '0.6.0',
335 silly addNameRange     '0.6.1' ] ]
336 silly addNamed optimist@0.6.1
337 verbose addNamed "0.6.1" is a plain semver version for optimist
338 silly cache afterAdd optimist@0.6.1
339 verbose afterAdd /home/anchal/.npm/optimist/0.6.1/package/package.json not in flight; writing
340 verbose afterAdd /home/anchal/.npm/optimist/0.6.1/package/package.json written
341 silly fetchNamedPackageData he
342 silly mapToRegistry name he
343 silly mapToRegistry using default registry
344 silly mapToRegistry registry https://registry.npmjs.org/
345 silly mapToRegistry uri https://registry.npmjs.org/he
346 silly fetchNamedPackageData mime
347 silly mapToRegistry name mime
348 silly mapToRegistry using default registry
349 silly mapToRegistry registry https://registry.npmjs.org/
350 silly mapToRegistry uri https://registry.npmjs.org/mime
351 silly fetchNamedPackageData minimist
352 silly mapToRegistry name minimist
353 silly mapToRegistry using default registry
354 silly mapToRegistry registry https://registry.npmjs.org/
355 silly mapToRegistry uri https://registry.npmjs.org/minimist
356 silly fetchNamedPackageData url-join
357 silly mapToRegistry name url-join
358 silly mapToRegistry using default registry
359 silly mapToRegistry registry https://registry.npmjs.org/
360 silly mapToRegistry uri https://registry.npmjs.org/url-join
361 verbose request uri https://registry.npmjs.org/mime
362 verbose request no auth needed
363 info attempt registry request try #1 at 11:27:55 AM
364 verbose etag W/"58db21d5-510b"
365 verbose lastModified Wed, 29 Mar 2017 02:54:13 GMT
366 http request GET https://registry.npmjs.org/mime
367 verbose request uri https://registry.npmjs.org/url-join
368 verbose request no auth needed
369 info attempt registry request try #1 at 11:27:55 AM
370 verbose etag W/"587d2380-1394"
371 verbose lastModified Mon, 16 Jan 2017 19:48:16 GMT
372 http request GET https://registry.npmjs.org/url-join
373 verbose request uri https://registry.npmjs.org/minimist
374 verbose request no auth needed
375 info attempt registry request try #1 at 11:27:55 AM
376 verbose etag W/"58d8d0e6-7487"
377 verbose lastModified Mon, 27 Mar 2017 08:44:22 GMT
378 http request GET https://registry.npmjs.org/minimist
379 verbose request uri https://registry.npmjs.org/he
380 verbose request no auth needed
381 info attempt registry request try #1 at 11:27:55 AM
382 verbose etag W/"58a6fbea-bc68"
383 verbose lastModified Fri, 17 Feb 2017 13:34:34 GMT
384 http request GET https://registry.npmjs.org/he
385 http 304 https://registry.npmjs.org/mime
386 verbose headers { date: 'Thu, 30 Mar 2017 05:57:55 GMT',
386 verbose headers   via: '1.1 varnish',
386 verbose headers   'cache-control': 'max-age=300',
386 verbose headers   etag: 'W/"58db21d5-510b"',
386 verbose headers   age: '286',
386 verbose headers   connection: 'keep-alive',
386 verbose headers   'x-served-by': 'cache-ams4131-AMS',
386 verbose headers   'x-cache': 'HIT',
386 verbose headers   'x-cache-hits': '2',
386 verbose headers   'x-timer': 'S1490853475.782093,VS0,VE0',
386 verbose headers   vary: 'Accept-Encoding' }
387 silly get cb [ 304,
387 silly get   { date: 'Thu, 30 Mar 2017 05:57:55 GMT',
387 silly get     via: '1.1 varnish',
387 silly get     'cache-control': 'max-age=300',
387 silly get     etag: 'W/"58db21d5-510b"',
387 silly get     age: '286',
387 silly get     connection: 'keep-alive',
387 silly get     'x-served-by': 'cache-ams4131-AMS',
387 silly get     'x-cache': 'HIT',
387 silly get     'x-cache-hits': '2',
387 silly get     'x-timer': 'S1490853475.782093,VS0,VE0',
387 silly get     vary: 'Accept-Encoding' } ]
388 verbose etag https://registry.npmjs.org/mime from cache
389 verbose get saving mime to /home/anchal/.npm/registry.npmjs.org/mime/.cache.json
390 http 304 https://registry.npmjs.org/url-join
391 verbose headers { date: 'Thu, 30 Mar 2017 05:57:55 GMT',
391 verbose headers   via: '1.1 varnish',
391 verbose headers   'cache-control': 'max-age=300',
391 verbose headers   etag: 'W/"587d2380-1394"',
391 verbose headers   age: '249',
391 verbose headers   connection: 'keep-alive',
391 verbose headers   'x-served-by': 'cache-ams4132-AMS',
391 verbose headers   'x-cache': 'HIT',
391 verbose headers   'x-cache-hits': '1',
391 verbose headers   'x-timer': 'S1490853475.780244,VS0,VE0',
391 verbose headers   vary: 'Accept-Encoding' }
392 silly get cb [ 304,
392 silly get   { date: 'Thu, 30 Mar 2017 05:57:55 GMT',
392 silly get     via: '1.1 varnish',
392 silly get     'cache-control': 'max-age=300',
392 silly get     etag: 'W/"587d2380-1394"',
392 silly get     age: '249',
392 silly get     connection: 'keep-alive',
392 silly get     'x-served-by': 'cache-ams4132-AMS',
392 silly get     'x-cache': 'HIT',
392 silly get     'x-cache-hits': '1',
392 silly get     'x-timer': 'S1490853475.780244,VS0,VE0',
392 silly get     vary: 'Accept-Encoding' } ]
393 verbose etag https://registry.npmjs.org/url-join from cache
394 verbose get saving url-join to /home/anchal/.npm/registry.npmjs.org/url-join/.cache.json
395 http 304 https://registry.npmjs.org/minimist
396 verbose headers { date: 'Thu, 30 Mar 2017 05:57:55 GMT',
396 verbose headers   via: '1.1 varnish',
396 verbose headers   'cache-control': 'max-age=300',
396 verbose headers   etag: 'W/"58d8d0e6-7487"',
396 verbose headers   age: '13',
396 verbose headers   connection: 'keep-alive',
396 verbose headers   'x-served-by': 'cache-ams4429-AMS',
396 verbose headers   'x-cache': 'HIT',
396 verbose headers   'x-cache-hits': '1',
396 verbose headers   'x-timer': 'S1490853475.780616,VS0,VE0',
396 verbose headers   vary: 'Accept-Encoding' }
397 silly get cb [ 304,
397 silly get   { date: 'Thu, 30 Mar 2017 05:57:55 GMT',
397 silly get     via: '1.1 varnish',
397 silly get     'cache-control': 'max-age=300',
397 silly get     etag: 'W/"58d8d0e6-7487"',
397 silly get     age: '13',
397 silly get     connection: 'keep-alive',
397 silly get     'x-served-by': 'cache-ams4429-AMS',
397 silly get     'x-cache': 'HIT',
397 silly get     'x-cache-hits': '1',
397 silly get     'x-timer': 'S1490853475.780616,VS0,VE0',
397 silly get     vary: 'Accept-Encoding' } ]
398 verbose etag https://registry.npmjs.org/minimist from cache
399 verbose get saving minimist to /home/anchal/.npm/registry.npmjs.org/minimist/.cache.json
400 http 200 https://registry.npmjs.org/he
401 verbose headers { server: 'nginx/1.10.1',
401 verbose headers   'content-type': 'application/json',
401 verbose headers   'last-modified': 'Mon, 27 Mar 2017 13:59:31 GMT',
401 verbose headers   etag: 'W/"58d91ac3-bc7a"',
401 verbose headers   'content-encoding': 'gzip',
401 verbose headers   'cache-control': 'max-age=300',
401 verbose headers   'content-length': '7389',
401 verbose headers   'accept-ranges': 'bytes',
401 verbose headers   date: 'Thu, 30 Mar 2017 05:57:55 GMT',
401 verbose headers   via: '1.1 varnish',
401 verbose headers   age: '247',
401 verbose headers   connection: 'keep-alive',
401 verbose headers   'x-served-by': 'cache-ams4121-AMS',
401 verbose headers   'x-cache': 'HIT',
401 verbose headers   'x-cache-hits': '1',
401 verbose headers   'x-timer': 'S1490853475.784614,VS0,VE0',
401 verbose headers   vary: 'Accept-Encoding' }
402 silly get cb [ 200,
402 silly get   { server: 'nginx/1.10.1',
402 silly get     'content-type': 'application/json',
402 silly get     'last-modified': 'Mon, 27 Mar 2017 13:59:31 GMT',
402 silly get     etag: 'W/"58d91ac3-bc7a"',
402 silly get     'content-encoding': 'gzip',
402 silly get     'cache-control': 'max-age=300',
402 silly get     'content-length': '7389',
402 silly get     'accept-ranges': 'bytes',
402 silly get     date: 'Thu, 30 Mar 2017 05:57:55 GMT',
402 silly get     via: '1.1 varnish',
402 silly get     age: '247',
402 silly get     connection: 'keep-alive',
402 silly get     'x-served-by': 'cache-ams4121-AMS',
402 silly get     'x-cache': 'HIT',
402 silly get     'x-cache-hits': '1',
402 silly get     'x-timer': 'S1490853475.784614,VS0,VE0',
402 silly get     vary: 'Accept-Encoding' } ]
403 verbose get saving he to /home/anchal/.npm/registry.npmjs.org/he/.cache.json
404 silly resolveWithNewModule url-join@1.1.0 checking installable status
405 silly cache add args [ 'url-join@^1.0.0', null ]
406 verbose cache add spec url-join@^1.0.0
407 silly cache add parsed spec Result {
407 silly cache add   raw: 'url-join@^1.0.0',
407 silly cache add   scope: null,
407 silly cache add   name: 'url-join',
407 silly cache add   rawSpec: '^1.0.0',
407 silly cache add   spec: '>=1.0.0 <2.0.0',
407 silly cache add   type: 'range' }
408 silly addNamed url-join@>=1.0.0 <2.0.0
409 verbose addNamed ">=1.0.0 <2.0.0" is a valid semver range for url-join
410 silly addNameRange { name: 'url-join', range: '>=1.0.0 <2.0.0', hasData: false }
411 silly mapToRegistry name url-join
412 silly mapToRegistry using default registry
413 silly mapToRegistry registry https://registry.npmjs.org/
414 silly mapToRegistry uri https://registry.npmjs.org/url-join
415 verbose addNameRange registry:https://registry.npmjs.org/url-join not in flight; fetching
416 silly resolveWithNewModule mime@1.3.4 checking installable status
417 silly cache add args [ 'mime@^1.2.11', null ]
418 verbose cache add spec mime@^1.2.11
419 silly cache add parsed spec Result {
419 silly cache add   raw: 'mime@^1.2.11',
419 silly cache add   scope: null,
419 silly cache add   name: 'mime',
419 silly cache add   rawSpec: '^1.2.11',
419 silly cache add   spec: '>=1.2.11 <2.0.0',
419 silly cache add   type: 'range' }
420 silly addNamed mime@>=1.2.11 <2.0.0
421 verbose addNamed ">=1.2.11 <2.0.0" is a valid semver range for mime
422 silly addNameRange { name: 'mime', range: '>=1.2.11 <2.0.0', hasData: false }
423 silly mapToRegistry name mime
424 silly mapToRegistry using default registry
425 silly mapToRegistry registry https://registry.npmjs.org/
426 silly mapToRegistry uri https://registry.npmjs.org/mime
427 verbose addNameRange registry:https://registry.npmjs.org/mime not in flight; fetching
428 silly resolveWithNewModule minimist@1.2.0 checking installable status
429 silly cache add args [ 'minimist@^1.1.0', null ]
430 verbose cache add spec minimist@^1.1.0
431 silly cache add parsed spec Result {
431 silly cache add   raw: 'minimist@^1.1.0',
431 silly cache add   scope: null,
431 silly cache add   name: 'minimist',
431 silly cache add   rawSpec: '^1.1.0',
431 silly cache add   spec: '>=1.1.0 <2.0.0',
431 silly cache add   type: 'range' }
432 silly addNamed minimist@>=1.1.0 <2.0.0
433 verbose addNamed ">=1.1.0 <2.0.0" is a valid semver range for minimist
434 silly addNameRange { name: 'minimist', range: '>=1.1.0 <2.0.0', hasData: false }
435 silly mapToRegistry name minimist
436 silly mapToRegistry using default registry
437 silly mapToRegistry registry https://registry.npmjs.org/
438 silly mapToRegistry uri https://registry.npmjs.org/minimist
439 verbose addNameRange registry:https://registry.npmjs.org/minimist not in flight; fetching
440 verbose get https://registry.npmjs.org/url-join not expired, no request
441 silly addNameRange number 2 { name: 'url-join', range: '>=1.0.0 <2.0.0', hasData: true }
442 silly addNameRange versions [ 'url-join', [ '0.0.1', '1.0.0', '1.1.0' ] ]
443 silly addNamed url-join@1.1.0
444 verbose addNamed "1.1.0" is a plain semver version for url-join
445 verbose get https://registry.npmjs.org/mime not expired, no request
446 silly addNameRange number 2 { name: 'mime', range: '>=1.2.11 <2.0.0', hasData: true }
447 silly addNameRange versions [ 'mime',
447 silly addNameRange   [ '1.0.0',
447 silly addNameRange     '1.1.0',
447 silly addNameRange     '1.2.1',
447 silly addNameRange     '1.2.2',
447 silly addNameRange     '1.2.3',
447 silly addNameRange     '1.2.4',
447 silly addNameRange     '1.2.5',
447 silly addNameRange     '1.2.6',
447 silly addNameRange     '1.2.7',
447 silly addNameRange     '1.2.8',
447 silly addNameRange     '1.2.9',
447 silly addNameRange     '1.2.10',
447 silly addNameRange     '1.2.11',
447 silly addNameRange     '1.3.0',
447 silly addNameRange     '1.3.2',
447 silly addNameRange     '1.3.3',
447 silly addNameRange     '1.3.4' ] ]
448 silly addNamed mime@1.3.4
449 verbose addNamed "1.3.4" is a plain semver version for mime
450 verbose get https://registry.npmjs.org/minimist not expired, no request
451 silly addNameRange number 2 { name: 'minimist', range: '>=1.1.0 <2.0.0', hasData: true }
452 silly addNameRange versions [ 'minimist',
452 silly addNameRange   [ '0.0.0',
452 silly addNameRange     '0.0.1',
452 silly addNameRange     '0.0.2',
452 silly addNameRange     '0.0.3',
452 silly addNameRange     '0.0.4',
452 silly addNameRange     '0.0.5',
452 silly addNameRange     '0.0.6',
452 silly addNameRange     '0.0.7',
452 silly addNameRange     '0.0.8',
452 silly addNameRange     '0.0.9',
452 silly addNameRange     '0.0.10',
452 silly addNameRange     '0.1.0',
452 silly addNameRange     '0.2.0',
452 silly addNameRange     '1.0.0',
452 silly addNameRange     '1.1.0',
452 silly addNameRange     '1.1.1',
452 silly addNameRange     '1.1.2',
452 silly addNameRange     '1.1.3',
452 silly addNameRange     '1.2.0' ] ]
453 silly addNamed minimist@1.2.0
454 verbose addNamed "1.2.0" is a plain semver version for minimist
455 silly resolveWithNewModule he@0.5.0 checking installable status
456 silly cache add args [ 'he@^0.5.0', null ]
457 verbose cache add spec he@^0.5.0
458 silly cache add parsed spec Result {
458 silly cache add   raw: 'he@^0.5.0',
458 silly cache add   scope: null,
458 silly cache add   name: 'he',
458 silly cache add   rawSpec: '^0.5.0',
458 silly cache add   spec: '>=0.5.0 <0.6.0',
458 silly cache add   type: 'range' }
459 silly addNamed he@>=0.5.0 <0.6.0
460 verbose addNamed ">=0.5.0 <0.6.0" is a valid semver range for he
461 silly addNameRange { name: 'he', range: '>=0.5.0 <0.6.0', hasData: false }
462 silly mapToRegistry name he
463 silly mapToRegistry using default registry
464 silly mapToRegistry registry https://registry.npmjs.org/
465 silly mapToRegistry uri https://registry.npmjs.org/he
466 verbose addNameRange registry:https://registry.npmjs.org/he not in flight; fetching
467 silly cache afterAdd url-join@1.1.0
468 verbose afterAdd /home/anchal/.npm/url-join/1.1.0/package/package.json not in flight; writing
469 silly cache afterAdd minimist@1.2.0
470 verbose afterAdd /home/anchal/.npm/minimist/1.2.0/package/package.json not in flight; writing
471 verbose get https://registry.npmjs.org/he not expired, no request
472 silly addNameRange number 2 { name: 'he', range: '>=0.5.0 <0.6.0', hasData: true }
473 silly addNameRange versions [ 'he',
473 silly addNameRange   [ '0.1.0',
473 silly addNameRange     '0.1.1',
473 silly addNameRange     '0.1.2',
473 silly addNameRange     '0.1.3',
473 silly addNameRange     '0.1.4',
473 silly addNameRange     '0.1.5',
473 silly addNameRange     '0.1.6',
473 silly addNameRange     '0.1.7',
473 silly addNameRange     '0.1.8',
473 silly addNameRange     '0.1.9',
473 silly addNameRange     '0.1.10',
473 silly addNameRange     '0.2.0',
473 silly addNameRange     '0.2.1',
473 silly addNameRange     '0.3.0',
473 silly addNameRange     '0.3.1',
473 silly addNameRange     '0.3.2',
473 silly addNameRange     '0.3.3',
473 silly addNameRange     '0.3.4',
473 silly addNameRange     '0.3.5',
473 silly addNameRange     '0.3.6',
473 silly addNameRange     '0.4.0',
473 silly addNameRange     '0.4.1',
473 silly addNameRange     '0.5.0',
473 silly addNameRange     '1.0.0',
473 silly addNameRange     '1.1.0',
473 silly addNameRange     '1.1.1' ] ]
474 silly addNamed he@0.5.0
475 verbose addNamed "0.5.0" is a plain semver version for he
476 silly cache afterAdd mime@1.3.4
477 verbose afterAdd /home/anchal/.npm/mime/1.3.4/package/package.json not in flight; writing
478 verbose afterAdd /home/anchal/.npm/url-join/1.1.0/package/package.json written
479 verbose afterAdd /home/anchal/.npm/minimist/1.2.0/package/package.json written
480 verbose afterAdd /home/anchal/.npm/mime/1.3.4/package/package.json written
481 silly cache afterAdd he@0.5.0
482 verbose afterAdd /home/anchal/.npm/he/0.5.0/package/package.json not in flight; writing
483 verbose afterAdd /home/anchal/.npm/he/0.5.0/package/package.json written
484 silly fetchNamedPackageData eventemitter3
485 silly mapToRegistry name eventemitter3
486 silly mapToRegistry using default registry
487 silly mapToRegistry registry https://registry.npmjs.org/
488 silly mapToRegistry uri https://registry.npmjs.org/eventemitter3
489 silly fetchNamedPackageData requires-port
490 silly mapToRegistry name requires-port
491 silly mapToRegistry using default registry
492 silly mapToRegistry registry https://registry.npmjs.org/
493 silly mapToRegistry uri https://registry.npmjs.org/requires-port
494 verbose request uri https://registry.npmjs.org/requires-port
495 verbose request no auth needed
496 info attempt registry request try #1 at 11:27:55 AM
497 verbose etag W/"589515db-1c52"
498 verbose lastModified Fri, 03 Feb 2017 23:44:27 GMT
499 http request GET https://registry.npmjs.org/requires-port
500 verbose request uri https://registry.npmjs.org/eventemitter3
501 verbose request no auth needed
502 info attempt registry request try #1 at 11:27:55 AM
503 verbose etag W/"58ae3b55-7fbe"
504 verbose lastModified Thu, 23 Feb 2017 01:31:01 GMT
505 http request GET https://registry.npmjs.org/eventemitter3
506 http 304 https://registry.npmjs.org/eventemitter3
507 verbose headers { date: 'Thu, 30 Mar 2017 05:57:56 GMT',
507 verbose headers   via: '1.1 varnish',
507 verbose headers   'cache-control': 'max-age=300',
507 verbose headers   etag: 'W/"58ae3b55-7fbe"',
507 verbose headers   age: '67',
507 verbose headers   connection: 'keep-alive',
507 verbose headers   'x-served-by': 'cache-ams4434-AMS',
507 verbose headers   'x-cache': 'HIT',
507 verbose headers   'x-cache-hits': '1',
507 verbose headers   'x-timer': 'S1490853476.390718,VS0,VE0',
507 verbose headers   vary: 'Accept-Encoding' }
508 silly get cb [ 304,
508 silly get   { date: 'Thu, 30 Mar 2017 05:57:56 GMT',
508 silly get     via: '1.1 varnish',
508 silly get     'cache-control': 'max-age=300',
508 silly get     etag: 'W/"58ae3b55-7fbe"',
508 silly get     age: '67',
508 silly get     connection: 'keep-alive',
508 silly get     'x-served-by': 'cache-ams4434-AMS',
508 silly get     'x-cache': 'HIT',
508 silly get     'x-cache-hits': '1',
508 silly get     'x-timer': 'S1490853476.390718,VS0,VE0',
508 silly get     vary: 'Accept-Encoding' } ]
509 verbose etag https://registry.npmjs.org/eventemitter3 from cache
510 verbose get saving eventemitter3 to /home/anchal/.npm/registry.npmjs.org/eventemitter3/.cache.json
511 http 304 https://registry.npmjs.org/requires-port
512 verbose headers { date: 'Thu, 30 Mar 2017 05:57:56 GMT',
512 verbose headers   via: '1.1 varnish',
512 verbose headers   'cache-control': 'max-age=300',
512 verbose headers   etag: 'W/"589515db-1c52"',
512 verbose headers   age: '128',
512 verbose headers   connection: 'keep-alive',
512 verbose headers   'x-served-by': 'cache-ams4430-AMS',
512 verbose headers   'x-cache': 'HIT',
512 verbose headers   'x-cache-hits': '1',
512 verbose headers   'x-timer': 'S1490853476.395187,VS0,VE0',
512 verbose headers   vary: 'Accept-Encoding' }
513 silly get cb [ 304,
513 silly get   { date: 'Thu, 30 Mar 2017 05:57:56 GMT',
513 silly get     via: '1.1 varnish',
513 silly get     'cache-control': 'max-age=300',
513 silly get     etag: 'W/"589515db-1c52"',
513 silly get     age: '128',
513 silly get     connection: 'keep-alive',
513 silly get     'x-served-by': 'cache-ams4430-AMS',
513 silly get     'x-cache': 'HIT',
513 silly get     'x-cache-hits': '1',
513 silly get     'x-timer': 'S1490853476.395187,VS0,VE0',
513 silly get     vary: 'Accept-Encoding' } ]
514 verbose etag https://registry.npmjs.org/requires-port from cache
515 verbose get saving requires-port to /home/anchal/.npm/registry.npmjs.org/requires-port/.cache.json
516 silly resolveWithNewModule eventemitter3@1.2.0 checking installable status
517 silly cache add args [ 'eventemitter3@1.x.x', null ]
518 verbose cache add spec eventemitter3@1.x.x
519 silly cache add parsed spec Result {
519 silly cache add   raw: 'eventemitter3@1.x.x',
519 silly cache add   scope: null,
519 silly cache add   name: 'eventemitter3',
519 silly cache add   rawSpec: '1.x.x',
519 silly cache add   spec: '>=1.0.0 <2.0.0',
519 silly cache add   type: 'range' }
520 silly addNamed eventemitter3@>=1.0.0 <2.0.0
521 verbose addNamed ">=1.0.0 <2.0.0" is a valid semver range for eventemitter3
522 silly addNameRange { name: 'eventemitter3',
522 silly addNameRange   range: '>=1.0.0 <2.0.0',
522 silly addNameRange   hasData: false }
523 silly mapToRegistry name eventemitter3
524 silly mapToRegistry using default registry
525 silly mapToRegistry registry https://registry.npmjs.org/
526 silly mapToRegistry uri https://registry.npmjs.org/eventemitter3
527 verbose addNameRange registry:https://registry.npmjs.org/eventemitter3 not in flight; fetching
528 silly resolveWithNewModule requires-port@1.0.0 checking installable status
529 silly cache add args [ 'requires-port@1.x.x', null ]
530 verbose cache add spec requires-port@1.x.x
531 silly cache add parsed spec Result {
531 silly cache add   raw: 'requires-port@1.x.x',
531 silly cache add   scope: null,
531 silly cache add   name: 'requires-port',
531 silly cache add   rawSpec: '1.x.x',
531 silly cache add   spec: '>=1.0.0 <2.0.0',
531 silly cache add   type: 'range' }
532 silly addNamed requires-port@>=1.0.0 <2.0.0
533 verbose addNamed ">=1.0.0 <2.0.0" is a valid semver range for requires-port
534 silly addNameRange { name: 'requires-port',
534 silly addNameRange   range: '>=1.0.0 <2.0.0',
534 silly addNameRange   hasData: false }
535 silly mapToRegistry name requires-port
536 silly mapToRegistry using default registry
537 silly mapToRegistry registry https://registry.npmjs.org/
538 silly mapToRegistry uri https://registry.npmjs.org/requires-port
539 verbose addNameRange registry:https://registry.npmjs.org/requires-port not in flight; fetching
540 verbose get https://registry.npmjs.org/requires-port not expired, no request
541 silly addNameRange number 2 { name: 'requires-port', range: '>=1.0.0 <2.0.0', hasData: true }
542 silly addNameRange versions [ 'requires-port', [ '0.0.0', '0.0.1', '1.0.0' ] ]
543 silly addNamed requires-port@1.0.0
544 verbose addNamed "1.0.0" is a plain semver version for requires-port
545 verbose get https://registry.npmjs.org/eventemitter3 not expired, no request
546 silly addNameRange number 2 { name: 'eventemitter3', range: '>=1.0.0 <2.0.0', hasData: true }
547 silly addNameRange versions [ 'eventemitter3',
547 silly addNameRange   [ '0.0.0',
547 silly addNameRange     '0.0.1',
547 silly addNameRange     '0.1.0',
547 silly addNameRange     '0.1.1',
547 silly addNameRange     '0.1.2',
547 silly addNameRange     '0.1.3',
547 silly addNameRange     '0.1.4',
547 silly addNameRange     '0.1.5',
547 silly addNameRange     '0.1.6',
547 silly addNameRange     '1.0.0',
547 silly addNameRange     '1.0.1',
547 silly addNameRange     '1.0.2',
547 silly addNameRange     '1.0.3',
547 silly addNameRange     '1.1.0',
547 silly addNameRange     '1.1.1',
547 silly addNameRange     '1.2.0',
547 silly addNameRange     '2.0.0',
547 silly addNameRange     '2.0.1',
547 silly addNameRange     '2.0.2' ] ]
548 silly addNamed eventemitter3@1.2.0
549 verbose addNamed "1.2.0" is a plain semver version for eventemitter3
550 silly cache afterAdd requires-port@1.0.0
551 verbose afterAdd /home/anchal/.npm/requires-port/1.0.0/package/package.json not in flight; writing
552 silly cache afterAdd eventemitter3@1.2.0
553 verbose afterAdd /home/anchal/.npm/eventemitter3/1.2.0/package/package.json not in flight; writing
554 verbose afterAdd /home/anchal/.npm/eventemitter3/1.2.0/package/package.json written
555 verbose afterAdd /home/anchal/.npm/requires-port/1.0.0/package/package.json written
556 silly fetchNamedPackageData wordwrap
557 silly mapToRegistry name wordwrap
558 silly mapToRegistry using default registry
559 silly mapToRegistry registry https://registry.npmjs.org/
560 silly mapToRegistry uri https://registry.npmjs.org/wordwrap
561 silly fetchNamedPackageData minimist
562 silly mapToRegistry name minimist
563 silly mapToRegistry using default registry
564 silly mapToRegistry registry https://registry.npmjs.org/
565 silly mapToRegistry uri https://registry.npmjs.org/minimist
566 silly resolveWithNewModule minimist@0.0.10 checking installable status
567 silly cache add args [ 'minimist@~0.0.1', null ]
568 verbose cache add spec minimist@~0.0.1
569 silly cache add parsed spec Result {
569 silly cache add   raw: 'minimist@~0.0.1',
569 silly cache add   scope: null,
569 silly cache add   name: 'minimist',
569 silly cache add   rawSpec: '~0.0.1',
569 silly cache add   spec: '>=0.0.1 <0.1.0',
569 silly cache add   type: 'range' }
570 silly addNamed minimist@>=0.0.1 <0.1.0
571 verbose addNamed ">=0.0.1 <0.1.0" is a valid semver range for minimist
572 silly addNameRange { name: 'minimist', range: '>=0.0.1 <0.1.0', hasData: false }
573 silly mapToRegistry name minimist
574 silly mapToRegistry using default registry
575 silly mapToRegistry registry https://registry.npmjs.org/
576 silly mapToRegistry uri https://registry.npmjs.org/minimist
577 verbose addNameRange registry:https://registry.npmjs.org/minimist not in flight; fetching
578 verbose request uri https://registry.npmjs.org/wordwrap
579 verbose request no auth needed
580 info attempt registry request try #1 at 11:27:56 AM
581 verbose etag W/"58c8cfca-1aee"
582 verbose lastModified Wed, 15 Mar 2017 05:23:22 GMT
583 http request GET https://registry.npmjs.org/wordwrap
584 verbose get https://registry.npmjs.org/minimist not expired, no request
585 silly addNameRange number 2 { name: 'minimist', range: '>=0.0.1 <0.1.0', hasData: true }
586 silly addNameRange versions [ 'minimist',
586 silly addNameRange   [ '0.0.0',
586 silly addNameRange     '0.0.1',
586 silly addNameRange     '0.0.2',
586 silly addNameRange     '0.0.3',
586 silly addNameRange     '0.0.4',
586 silly addNameRange     '0.0.5',
586 silly addNameRange     '0.0.6',
586 silly addNameRange     '0.0.7',
586 silly addNameRange     '0.0.8',
586 silly addNameRange     '0.0.9',
586 silly addNameRange     '0.0.10',
586 silly addNameRange     '0.1.0',
586 silly addNameRange     '0.2.0',
586 silly addNameRange     '1.0.0',
586 silly addNameRange     '1.1.0',
586 silly addNameRange     '1.1.1',
586 silly addNameRange     '1.1.2',
586 silly addNameRange     '1.1.3',
586 silly addNameRange     '1.2.0' ] ]
587 silly addNamed minimist@0.0.10
588 verbose addNamed "0.0.10" is a plain semver version for minimist
589 silly cache afterAdd minimist@0.0.10
590 verbose afterAdd /home/anchal/.npm/minimist/0.0.10/package/package.json not in flight; writing
591 verbose afterAdd /home/anchal/.npm/minimist/0.0.10/package/package.json written
592 http 304 https://registry.npmjs.org/wordwrap
593 verbose headers { date: 'Thu, 30 Mar 2017 05:57:57 GMT',
593 verbose headers   via: '1.1 varnish',
593 verbose headers   'cache-control': 'max-age=300',
593 verbose headers   etag: 'W/"58c8cfca-1aee"',
593 verbose headers   age: '65',
593 verbose headers   connection: 'keep-alive',
593 verbose headers   'x-served-by': 'cache-ams4433-AMS',
593 verbose headers   'x-cache': 'HIT',
593 verbose headers   'x-cache-hits': '2',
593 verbose headers   'x-timer': 'S1490853477.052828,VS0,VE0',
593 verbose headers   vary: 'Accept-Encoding' }
594 silly get cb [ 304,
594 silly get   { date: 'Thu, 30 Mar 2017 05:57:57 GMT',
594 silly get     via: '1.1 varnish',
594 silly get     'cache-control': 'max-age=300',
594 silly get     etag: 'W/"58c8cfca-1aee"',
594 silly get     age: '65',
594 silly get     connection: 'keep-alive',
594 silly get     'x-served-by': 'cache-ams4433-AMS',
594 silly get     'x-cache': 'HIT',
594 silly get     'x-cache-hits': '2',
594 silly get     'x-timer': 'S1490853477.052828,VS0,VE0',
594 silly get     vary: 'Accept-Encoding' } ]
595 verbose etag https://registry.npmjs.org/wordwrap from cache
596 verbose get saving wordwrap to /home/anchal/.npm/registry.npmjs.org/wordwrap/.cache.json
597 silly resolveWithNewModule wordwrap@0.0.3 checking installable status
598 silly cache add args [ 'wordwrap@~0.0.2', null ]
599 verbose cache add spec wordwrap@~0.0.2
600 silly cache add parsed spec Result {
600 silly cache add   raw: 'wordwrap@~0.0.2',
600 silly cache add   scope: null,
600 silly cache add   name: 'wordwrap',
600 silly cache add   rawSpec: '~0.0.2',
600 silly cache add   spec: '>=0.0.2 <0.1.0',
600 silly cache add   type: 'range' }
601 silly addNamed wordwrap@>=0.0.2 <0.1.0
602 verbose addNamed ">=0.0.2 <0.1.0" is a valid semver range for wordwrap
603 silly addNameRange { name: 'wordwrap', range: '>=0.0.2 <0.1.0', hasData: false }
604 silly mapToRegistry name wordwrap
605 silly mapToRegistry using default registry
606 silly mapToRegistry registry https://registry.npmjs.org/
607 silly mapToRegistry uri https://registry.npmjs.org/wordwrap
608 verbose addNameRange registry:https://registry.npmjs.org/wordwrap not in flight; fetching
609 verbose get https://registry.npmjs.org/wordwrap not expired, no request
610 silly addNameRange number 2 { name: 'wordwrap', range: '>=0.0.2 <0.1.0', hasData: true }
611 silly addNameRange versions [ 'wordwrap', [ '0.0.1', '0.0.2', '0.0.3', '1.0.0' ] ]
612 silly addNamed wordwrap@0.0.3
613 verbose addNamed "0.0.3" is a plain semver version for wordwrap
614 silly cache afterAdd wordwrap@0.0.3
615 verbose afterAdd /home/anchal/.npm/wordwrap/0.0.3/package/package.json not in flight; writing
616 verbose afterAdd /home/anchal/.npm/wordwrap/0.0.3/package/package.json written
617 silly fetchNamedPackageData async
618 silly mapToRegistry name async
619 silly mapToRegistry using default registry
620 silly mapToRegistry registry https://registry.npmjs.org/
621 silly mapToRegistry uri https://registry.npmjs.org/async
622 silly fetchNamedPackageData mkdirp
623 silly mapToRegistry name mkdirp
624 silly mapToRegistry using default registry
625 silly mapToRegistry registry https://registry.npmjs.org/
626 silly mapToRegistry uri https://registry.npmjs.org/mkdirp
627 verbose request uri https://registry.npmjs.org/mkdirp
628 verbose request no auth needed
629 info attempt registry request try #1 at 11:27:57 AM
630 verbose etag W/"58d3aca9-62b2"
631 verbose lastModified Thu, 23 Mar 2017 11:08:25 GMT
632 http request GET https://registry.npmjs.org/mkdirp
633 verbose request uri https://registry.npmjs.org/async
634 verbose request no auth needed
635 info attempt registry request try #1 at 11:27:57 AM
636 verbose etag W/"58d99e4d-1ec6c"
637 verbose lastModified Mon, 27 Mar 2017 23:20:45 GMT
638 http request GET https://registry.npmjs.org/async
639 http 304 https://registry.npmjs.org/async
640 verbose headers { date: 'Thu, 30 Mar 2017 05:57:57 GMT',
640 verbose headers   via: '1.1 varnish',
640 verbose headers   'cache-control': 'max-age=300',
640 verbose headers   etag: 'W/"58d99e4d-1ec6c"',
640 verbose headers   age: '122',
640 verbose headers   connection: 'keep-alive',
640 verbose headers   'x-served-by': 'cache-ams4120-AMS',
640 verbose headers   'x-cache': 'HIT',
640 verbose headers   'x-cache-hits': '4',
640 verbose headers   'x-timer': 'S1490853477.583424,VS0,VE0',
640 verbose headers   vary: 'Accept-Encoding' }
641 silly get cb [ 304,
641 silly get   { date: 'Thu, 30 Mar 2017 05:57:57 GMT',
641 silly get     via: '1.1 varnish',
641 silly get     'cache-control': 'max-age=300',
641 silly get     etag: 'W/"58d99e4d-1ec6c"',
641 silly get     age: '122',
641 silly get     connection: 'keep-alive',
641 silly get     'x-served-by': 'cache-ams4120-AMS',
641 silly get     'x-cache': 'HIT',
641 silly get     'x-cache-hits': '4',
641 silly get     'x-timer': 'S1490853477.583424,VS0,VE0',
641 silly get     vary: 'Accept-Encoding' } ]
642 verbose etag https://registry.npmjs.org/async from cache
643 verbose get saving async to /home/anchal/.npm/registry.npmjs.org/async/.cache.json
644 silly resolveWithNewModule async@0.9.0 checking installable status
645 silly cache add args [ 'async@0.9.0', null ]
646 verbose cache add spec async@0.9.0
647 silly cache add parsed spec Result {
647 silly cache add   raw: 'async@0.9.0',
647 silly cache add   scope: null,
647 silly cache add   name: 'async',
647 silly cache add   rawSpec: '0.9.0',
647 silly cache add   spec: '0.9.0',
647 silly cache add   type: 'version' }
648 silly addNamed async@0.9.0
649 verbose addNamed "0.9.0" is a plain semver version for async
650 silly mapToRegistry name async
651 silly mapToRegistry using default registry
652 silly mapToRegistry registry https://registry.npmjs.org/
653 silly mapToRegistry uri https://registry.npmjs.org/async
654 verbose addNameVersion registry:https://registry.npmjs.org/async not in flight; fetching
655 verbose get https://registry.npmjs.org/async not expired, no request
656 silly cache afterAdd async@0.9.0
657 verbose afterAdd /home/anchal/.npm/async/0.9.0/package/package.json not in flight; writing
658 verbose afterAdd /home/anchal/.npm/async/0.9.0/package/package.json written
659 http 304 https://registry.npmjs.org/mkdirp
660 verbose headers { date: 'Thu, 30 Mar 2017 05:57:57 GMT',
660 verbose headers   via: '1.1 varnish',
660 verbose headers   'cache-control': 'max-age=300',
660 verbose headers   etag: 'W/"58d3aca9-62b2"',
660 verbose headers   age: '26',
660 verbose headers   connection: 'keep-alive',
660 verbose headers   'x-served-by': 'cache-ams4126-AMS',
660 verbose headers   'x-cache': 'HIT',
660 verbose headers   'x-cache-hits': '1',
660 verbose headers   'x-timer': 'S1490853477.654501,VS0,VE0',
660 verbose headers   vary: 'Accept-Encoding' }
661 silly get cb [ 304,
661 silly get   { date: 'Thu, 30 Mar 2017 05:57:57 GMT',
661 silly get     via: '1.1 varnish',
661 silly get     'cache-control': 'max-age=300',
661 silly get     etag: 'W/"58d3aca9-62b2"',
661 silly get     age: '26',
661 silly get     connection: 'keep-alive',
661 silly get     'x-served-by': 'cache-ams4126-AMS',
661 silly get     'x-cache': 'HIT',
661 silly get     'x-cache-hits': '1',
661 silly get     'x-timer': 'S1490853477.654501,VS0,VE0',
661 silly get     vary: 'Accept-Encoding' } ]
662 verbose etag https://registry.npmjs.org/mkdirp from cache
663 verbose get saving mkdirp to /home/anchal/.npm/registry.npmjs.org/mkdirp/.cache.json
664 silly resolveWithNewModule mkdirp@0.5.1 checking installable status
665 silly cache add args [ 'mkdirp@0.5.x', null ]
666 verbose cache add spec mkdirp@0.5.x
667 silly cache add parsed spec Result {
667 silly cache add   raw: 'mkdirp@0.5.x',
667 silly cache add   scope: null,
667 silly cache add   name: 'mkdirp',
667 silly cache add   rawSpec: '0.5.x',
667 silly cache add   spec: '>=0.5.0 <0.6.0',
667 silly cache add   type: 'range' }
668 silly addNamed mkdirp@>=0.5.0 <0.6.0
669 verbose addNamed ">=0.5.0 <0.6.0" is a valid semver range for mkdirp
670 silly addNameRange { name: 'mkdirp', range: '>=0.5.0 <0.6.0', hasData: false }
671 silly mapToRegistry name mkdirp
672 silly mapToRegistry using default registry
673 silly mapToRegistry registry https://registry.npmjs.org/
674 silly mapToRegistry uri https://registry.npmjs.org/mkdirp
675 verbose addNameRange registry:https://registry.npmjs.org/mkdirp not in flight; fetching
676 verbose get https://registry.npmjs.org/mkdirp not expired, no request
677 silly addNameRange number 2 { name: 'mkdirp', range: '>=0.5.0 <0.6.0', hasData: true }
678 silly addNameRange versions [ 'mkdirp',
678 silly addNameRange   [ '0.0.1',
678 silly addNameRange     '0.0.2',
678 silly addNameRange     '0.0.3',
678 silly addNameRange     '0.0.4',
678 silly addNameRange     '0.0.5',
678 silly addNameRange     '0.0.6',
678 silly addNameRange     '0.0.7',
678 silly addNameRange     '0.1.0',
678 silly addNameRange     '0.2.0',
678 silly addNameRange     '0.2.1',
678 silly addNameRange     '0.2.2',
678 silly addNameRange     '0.3.0',
678 silly addNameRange     '0.3.1',
678 silly addNameRange     '0.3.2',
678 silly addNameRange     '0.3.3',
678 silly addNameRange     '0.3.4',
678 silly addNameRange     '0.3.5',
678 silly addNameRange     '0.4.0',
678 silly addNameRange     '0.4.1',
678 silly addNameRange     '0.4.2',
678 silly addNameRange     '0.5.0',
678 silly addNameRange     '0.5.1' ] ]
679 silly addNamed mkdirp@0.5.1
680 verbose addNamed "0.5.1" is a plain semver version for mkdirp
681 silly cache afterAdd mkdirp@0.5.1
682 verbose afterAdd /home/anchal/.npm/mkdirp/0.5.1/package/package.json not in flight; writing
683 verbose afterAdd /home/anchal/.npm/mkdirp/0.5.1/package/package.json written
684 silly fetchNamedPackageData minimist
685 silly mapToRegistry name minimist
686 silly mapToRegistry using default registry
687 silly mapToRegistry registry https://registry.npmjs.org/
688 silly mapToRegistry uri https://registry.npmjs.org/minimist
689 silly resolveWithNewModule minimist@0.0.8 checking installable status
690 silly cache add args [ 'minimist@0.0.8', null ]
691 verbose cache add spec minimist@0.0.8
692 silly cache add parsed spec Result {
692 silly cache add   raw: 'minimist@0.0.8',
692 silly cache add   scope: null,
692 silly cache add   name: 'minimist',
692 silly cache add   rawSpec: '0.0.8',
692 silly cache add   spec: '0.0.8',
692 silly cache add   type: 'version' }
693 silly addNamed minimist@0.0.8
694 verbose addNamed "0.0.8" is a plain semver version for minimist
695 silly mapToRegistry name minimist
696 silly mapToRegistry using default registry
697 silly mapToRegistry registry https://registry.npmjs.org/
698 silly mapToRegistry uri https://registry.npmjs.org/minimist
699 verbose addNameVersion registry:https://registry.npmjs.org/minimist not in flight; fetching
700 verbose get https://registry.npmjs.org/minimist not expired, no request
701 silly cache afterAdd minimist@0.0.8
702 verbose afterAdd /home/anchal/.npm/minimist/0.0.8/package/package.json not in flight; writing
703 verbose afterAdd /home/anchal/.npm/minimist/0.0.8/package/package.json written
704 silly fetchNamedPackageData qs
705 silly mapToRegistry name qs
706 silly mapToRegistry using default registry
707 silly mapToRegistry registry https://registry.npmjs.org/
708 silly mapToRegistry uri https://registry.npmjs.org/qs
709 verbose request uri https://registry.npmjs.org/qs
710 verbose request no auth needed
711 info attempt registry request try #1 at 11:27:57 AM
712 verbose etag W/"58cacb2c-178bd"
713 verbose lastModified Thu, 16 Mar 2017 17:28:12 GMT
714 http request GET https://registry.npmjs.org/qs
715 http 304 https://registry.npmjs.org/qs
716 verbose headers { date: 'Thu, 30 Mar 2017 05:57:58 GMT',
716 verbose headers   via: '1.1 varnish',
716 verbose headers   'cache-control': 'max-age=300',
716 verbose headers   etag: 'W/"58cacb2c-178bd"',
716 verbose headers   age: '238',
716 verbose headers   connection: 'keep-alive',
716 verbose headers   'x-served-by': 'cache-ams4135-AMS',
716 verbose headers   'x-cache': 'HIT',
716 verbose headers   'x-cache-hits': '3',
716 verbose headers   'x-timer': 'S1490853478.296792,VS0,VE0',
716 verbose headers   vary: 'Accept-Encoding' }
717 silly get cb [ 304,
717 silly get   { date: 'Thu, 30 Mar 2017 05:57:58 GMT',
717 silly get     via: '1.1 varnish',
717 silly get     'cache-control': 'max-age=300',
717 silly get     etag: 'W/"58cacb2c-178bd"',
717 silly get     age: '238',
717 silly get     connection: 'keep-alive',
717 silly get     'x-served-by': 'cache-ams4135-AMS',
717 silly get     'x-cache': 'HIT',
717 silly get     'x-cache-hits': '3',
717 silly get     'x-timer': 'S1490853478.296792,VS0,VE0',
717 silly get     vary: 'Accept-Encoding' } ]
718 verbose etag https://registry.npmjs.org/qs from cache
719 verbose get saving qs to /home/anchal/.npm/registry.npmjs.org/qs/.cache.json
720 silly resolveWithNewModule qs@2.3.3 checking installable status
721 silly cache add args [ 'qs@~2.3.3', null ]
722 verbose cache add spec qs@~2.3.3
723 silly cache add parsed spec Result {
723 silly cache add   raw: 'qs@~2.3.3',
723 silly cache add   scope: null,
723 silly cache add   name: 'qs',
723 silly cache add   rawSpec: '~2.3.3',
723 silly cache add   spec: '>=2.3.3 <2.4.0',
723 silly cache add   type: 'range' }
724 silly addNamed qs@>=2.3.3 <2.4.0
725 verbose addNamed ">=2.3.3 <2.4.0" is a valid semver range for qs
726 silly addNameRange { name: 'qs', range: '>=2.3.3 <2.4.0', hasData: false }
727 silly mapToRegistry name qs
728 silly mapToRegistry using default registry
729 silly mapToRegistry registry https://registry.npmjs.org/
730 silly mapToRegistry uri https://registry.npmjs.org/qs
731 verbose addNameRange registry:https://registry.npmjs.org/qs not in flight; fetching
732 verbose get https://registry.npmjs.org/qs not expired, no request
733 silly addNameRange number 2 { name: 'qs', range: '>=2.3.3 <2.4.0', hasData: true }
734 silly addNameRange versions [ 'qs',
734 silly addNameRange   [ '0.0.1',
734 silly addNameRange     '0.0.2',
734 silly addNameRange     '0.0.3',
734 silly addNameRange     '0.0.4',
734 silly addNameRange     '0.0.5',
734 silly addNameRange     '0.0.6',
734 silly addNameRange     '0.0.7',
734 silly addNameRange     '0.1.0',
734 silly addNameRange     '0.2.0',
734 silly addNameRange     '0.3.0',
734 silly addNameRange     '0.3.1',
734 silly addNameRange     '0.3.2',
734 silly addNameRange     '0.4.0',
734 silly addNameRange     '0.4.1',
734 silly addNameRange     '0.4.2',
734 silly addNameRange     '0.5.0',
734 silly addNameRange     '0.5.1',
734 silly addNameRange     '0.5.2',
734 silly addNameRange     '0.5.3',
734 silly addNameRange     '0.5.4',
734 silly addNameRange     '0.5.5',
734 silly addNameRange     '0.5.6',
734 silly addNameRange     '0.6.0',
734 silly addNameRange     '0.6.1',
734 silly addNameRange     '0.6.2',
734 silly addNameRange     '0.6.3',
734 silly addNameRange     '0.6.4',
734 silly addNameRange     '0.6.5',
734 silly addNameRange     '0.6.6',
734 silly addNameRange     '1.0.0',
734 silly addNameRange     '1.0.1',
734 silly addNameRange     '1.0.2',
734 silly addNameRange     '1.1.0',
734 silly addNameRange     '1.2.0',
734 silly addNameRange     '1.2.1',
734 silly addNameRange     '1.2.2',
734 silly addNameRange     '2.0.0',
734 silly addNameRange     '2.1.0',
734 silly addNameRange     '2.2.0',
734 silly addNameRange     '2.2.1',
734 silly addNameRange     '2.2.2',
734 silly addNameRange     '2.2.3',
734 silly addNameRange     '2.2.4',
734 silly addNameRange     '2.2.5',
734 silly addNameRange     '2.3.0',
734 silly addNameRange     '2.3.1',
734 silly addNameRange     '2.3.2',
734 silly addNameRange     '2.3.3',
734 silly addNameRange     '2.4.0',
734 silly addNameRange     '2.4.1',
734 silly addNameRange     '2.4.2',
734 silly addNameRange     '3.0.0',
734 silly addNameRange     '3.1.0',
734 silly addNameRange     '4.0.0',
734 silly addNameRange     '5.0.0',
734 silly addNameRange     '5.1.0',
734 silly addNameRange     '5.2.0',
734 silly addNameRange     '6.0.0',
734 silly addNameRange     '6.0.1',
734 silly addNameRange     '6.0.2',
734 silly addNameRange     '6.1.0',
734 silly addNameRange     '6.2.0',
734 silly addNameRange     '5.2.1',
734 silly addNameRange     '6.2.1',
734 silly addNameRange     '6.3.0',
734 silly addNameRange     '6.3.1',
734 silly addNameRange     '6.1.1',
734 silly addNameRange     '6.0.3',
734 silly addNameRange     '6.2.2',
734 silly addNameRange     '6.4.0',
734 silly addNameRange     '6.3.2',
734 silly addNameRange     '6.2.3',
734 silly addNameRange     '6.1.2',
734 silly addNameRange     '6.0.4' ] ]
735 silly addNamed qs@2.3.3
736 verbose addNamed "2.3.3" is a plain semver version for qs
737 silly cache afterAdd qs@2.3.3
738 verbose afterAdd /home/anchal/.npm/qs/2.3.3/package/package.json not in flight; writing
739 verbose afterAdd /home/anchal/.npm/qs/2.3.3/package/package.json written
740 silly loadAllDepsIntoIdealTree Finishing
741 silly idealTree:prePrune lib
741 silly idealTree:prePrune `-- http-server@0.9.0
741 silly idealTree:prePrune   +-- async@0.9.0
741 silly idealTree:prePrune   +-- colors@1.0.3
741 silly idealTree:prePrune   +-- corser@2.0.1
741 silly idealTree:prePrune   +-- ecstatic@1.4.1
741 silly idealTree:prePrune   +-- eventemitter3@1.2.0
741 silly idealTree:prePrune   +-- he@0.5.0
741 silly idealTree:prePrune   +-- http-proxy@1.16.2
741 silly idealTree:prePrune   +-- mime@1.3.4
741 silly idealTree:prePrune   +-- minimist@1.2.0
741 silly idealTree:prePrune   +-- mkdirp@0.5.1
741 silly idealTree:prePrune   | `-- minimist@0.0.8
741 silly idealTree:prePrune   +-- opener@1.4.3
741 silly idealTree:prePrune   +-- optimist@0.6.1
741 silly idealTree:prePrune   | `-- minimist@0.0.10
741 silly idealTree:prePrune   +-- portfinder@0.4.0
741 silly idealTree:prePrune   +-- qs@2.3.3
741 silly idealTree:prePrune   +-- requires-port@1.0.0
741 silly idealTree:prePrune   +-- union@0.4.6
741 silly idealTree:prePrune   +-- url-join@1.1.0
741 silly idealTree:prePrune   `-- wordwrap@0.0.3
742 silly loadIdealTree Finishing
743 silly currentTree lib
743 silly currentTree `-- http-server@0.9.0
743 silly currentTree   +-- async@0.9.0
743 silly currentTree   +-- colors@1.0.3
743 silly currentTree   +-- corser@2.0.1
743 silly currentTree   +-- ecstatic@1.4.1
743 silly currentTree   +-- eventemitter3@1.2.0
743 silly currentTree   +-- he@0.5.0
743 silly currentTree   +-- http-proxy@1.16.2
743 silly currentTree   +-- mime@1.3.4
743 silly currentTree   +-- minimist@1.2.0
743 silly currentTree   +-- mkdirp@0.5.1
743 silly currentTree   | `-- minimist@0.0.8
743 silly currentTree   +-- opener@1.4.3
743 silly currentTree   +-- optimist@0.6.1
743 silly currentTree   | `-- minimist@0.0.10
743 silly currentTree   +-- portfinder@0.4.0
743 silly currentTree   +-- qs@2.3.3
743 silly currentTree   +-- requires-port@1.0.0
743 silly currentTree   +-- union@0.4.6
743 silly currentTree   +-- url-join@1.1.0
743 silly currentTree   `-- wordwrap@0.0.3
744 silly idealTree lib
744 silly idealTree `-- http-server@0.9.0
744 silly idealTree   +-- async@0.9.0
744 silly idealTree   +-- colors@1.0.3
744 silly idealTree   +-- corser@2.0.1
744 silly idealTree   +-- ecstatic@1.4.1
744 silly idealTree   +-- eventemitter3@1.2.0
744 silly idealTree   +-- he@0.5.0
744 silly idealTree   +-- http-proxy@1.16.2
744 silly idealTree   +-- mime@1.3.4
744 silly idealTree   +-- minimist@1.2.0
744 silly idealTree   +-- mkdirp@0.5.1
744 silly idealTree   | `-- minimist@0.0.8
744 silly idealTree   +-- opener@1.4.3
744 silly idealTree   +-- optimist@0.6.1
744 silly idealTree   | `-- minimist@0.0.10
744 silly idealTree   +-- portfinder@0.4.0
744 silly idealTree   +-- qs@2.3.3
744 silly idealTree   +-- requires-port@1.0.0
744 silly idealTree   +-- union@0.4.6
744 silly idealTree   +-- url-join@1.1.0
744 silly idealTree   `-- wordwrap@0.0.3
745 silly generateActionsToTake Starting
746 silly install generateActionsToTake
747 warn checkPermissions Missing write access to /usr/local/lib/node_modules/http-server
748 warn checkPermissions Missing write access to /usr/local/lib/node_modules
749 silly rollbackFailedOptional Starting
750 silly rollbackFailedOptional Finishing
751 silly runTopLevelLifecycles Starting
752 silly runTopLevelLifecycles Finishing
753 silly install printInstalled
754 verbose stack Error: EACCES: permission denied, access '/usr/local/lib/node_modules/http-server'
754 verbose stack     at Error (native)
755 verbose cwd /home/anchal/Desktop/session1
756 error Linux 4.4.0-66-generic
757 error argv "/usr/bin/nodejs" "/usr/bin/npm" "install" "http-server" "-g"
758 error node v4.2.6
759 error npm  v3.5.2
760 error path /usr/local/lib/node_modules/http-server
761 error code EACCES
762 error errno -13
763 error syscall access
764 error Error: EACCES: permission denied, access '/usr/local/lib/node_modules/http-server'
764 error     at Error (native)
764 error  { [Error: EACCES: permission denied, access '/usr/local/lib/node_modules/http-server']
764 error   errno: -13,
764 error   code: 'EACCES',
764 error   syscall: 'access',
764 error   path: '/usr/local/lib/node_modules/http-server' }
765 error Please try running this command again as root/Administrator.
766 verbose exit [ -13, true ]
